"../../../Engine/Content/EditorResources/S_Actor.ubulk" 0
"../../../Engine/Content/EditorResources/S_Actor.uasset" 1
"../../../Engine/Content/EditorResources/S_Actor.uexp" 2
"../../../Engine/Content/EditorResources/S_BoxReflectionCapture.uasset" 3
"../../../Engine/Content/EditorResources/S_BoxReflectionCapture.uexp" 4
"../../../Engine/Content/EngineResources/DefaultTexture.ubulk" 5
"../../../Engine/Content/EngineResources/DefaultTexture.uasset" 6
"../../../Engine/Content/EngineResources/DefaultTexture.uexp" 7
"../../../Engine/Content/EngineResources/DefaultTextureCube.uasset" 8
"../../../Engine/Content/EngineResources/DefaultTextureCube.uexp" 9
"../../../Engine/Content/EngineResources/DefaultVolumeTexture2D.uasset" 10
"../../../Engine/Content/EngineResources/DefaultVolumeTexture2D.uexp" 11
"../../../Engine/Content/EngineResources/DefaultVolumeTexture.uasset" 12
"../../../Engine/Content/EngineResources/DefaultVolumeTexture.uexp" 13
"../../../Engine/Content/EditorResources/S_Trigger.ubulk" 14
"../../../Engine/Content/EditorResources/S_Trigger.uasset" 15
"../../../Engine/Content/EditorResources/S_Trigger.uexp" 16
"../../../Engine/Content/EditorResources/S_TriggerBox.uasset" 17
"../../../Engine/Content/EditorResources/S_TriggerBox.uexp" 18
"../../../Engine/Content/EditorResources/S_TriggerCapsule.uasset" 19
"../../../Engine/Content/EditorResources/S_TriggerCapsule.uexp" 20
"../../../Engine/Content/EditorResources/S_TriggerSphere.uasset" 21
"../../../Engine/Content/EditorResources/S_TriggerSphere.uexp" 22
"../../../Engine/Content/EngineMeshes/Sphere.uasset" 23
"../../../Engine/Content/EngineMeshes/Sphere.uexp" 24
"../../../Engine/Content/EngineResources/GradientTexture0.uasset" 25
"../../../Engine/Content/EngineResources/GradientTexture0.uexp" 26
"../../../Engine/Content/EngineResources/Black.uasset" 27
"../../../Engine/Content/EngineResources/Black.uexp" 28
"../../../Engine/Content/VREditor/LaserPointer/VR_LaserPower_01.ubulk" 29
"../../../Engine/Content/VREditor/LaserPointer/VR_LaserPower_01.uasset" 30
"../../../Engine/Content/VREditor/LaserPointer/VR_LaserPower_01.uexp" 31
"../../../Engine/Content/VREditor/TransformGizmo/TransformGizmoMaterial.uasset" 32
"../../../Engine/Content/VREditor/TransformGizmo/TransformGizmoMaterial.uexp" 33
"../../../Engine/Content/VREditor/TransformGizmo/TranslucentTransformGizmoMaterial.uasset" 34
"../../../Engine/Content/VREditor/TransformGizmo/TranslucentTransformGizmoMaterial.uexp" 35
"../../../Engine/Content/VREditor/TransformGizmo/PlaneTranslationHandle.uasset" 36
"../../../Engine/Content/VREditor/TransformGizmo/PlaneTranslationHandle.uexp" 37
"../../../Engine/Content/VREditor/TransformGizmo/BoundingBoxCorner.uasset" 38
"../../../Engine/Content/VREditor/TransformGizmo/BoundingBoxCorner.uexp" 39
"../../../Engine/Content/VREditor/TransformGizmo/BoundingBoxEdge.uasset" 40
"../../../Engine/Content/VREditor/TransformGizmo/BoundingBoxEdge.uexp" 41
"../../../Engine/Content/VREditor/TransformGizmo/Main.uasset" 42
"../../../Engine/Content/VREditor/TransformGizmo/Main.uexp" 43
"../../../Engine/Content/VREditor/TransformGizmo/Xray.uasset" 44
"../../../Engine/Content/VREditor/TransformGizmo/Xray.uexp" 45
"../../../Engine/Content/VREditor/TransformGizmo/SM_Sequencer_Node.uasset" 46
"../../../Engine/Content/VREditor/TransformGizmo/SM_Sequencer_Node.uexp" 47
"../../../Engine/Content/EditorMaterials/Camera/CineMat.uasset" 48
"../../../Engine/Content/EditorMaterials/Camera/CineMat.uexp" 49
"../../../Engine/Content/EditorMaterials/Camera/MI_CineMat_Rig.uasset" 50
"../../../Engine/Content/EditorMaterials/Camera/MI_CineMat_Rig.uexp" 51
"../../../Engine/Content/EditorMeshes/Camera/SM_CraneRig_Base.uasset" 52
"../../../Engine/Content/EditorMeshes/Camera/SM_CraneRig_Base.uexp" 53
"../../../Engine/Content/EditorMeshes/Camera/SM_CraneRig_Arm.uasset" 54
"../../../Engine/Content/EditorMeshes/Camera/SM_CraneRig_Arm.uexp" 55
"../../../Engine/Content/EditorMeshes/Camera/SM_CraneRig_Mount.uasset" 56
"../../../Engine/Content/EditorMeshes/Camera/SM_CraneRig_Mount.uexp" 57
"../../../Engine/Content/EditorMeshes/Camera/SM_CraneRig_Body.uasset" 58
"../../../Engine/Content/EditorMeshes/Camera/SM_CraneRig_Body.uexp" 59
"../../../Engine/Content/EditorMeshes/Camera/SM_RailRig_Track.uasset" 60
"../../../Engine/Content/EditorMeshes/Camera/SM_RailRig_Track.uexp" 61
"../../../Engine/Content/EditorMeshes/Camera/SM_RailRig_Mount.uasset" 62
"../../../Engine/Content/EditorMeshes/Camera/SM_RailRig_Mount.uexp" 63
"../../../Engine/Content/EngineMaterials/T_Default_Material_Grid_M.ubulk" 64
"../../../Engine/Content/EngineMaterials/T_Default_Material_Grid_M.uasset" 65
"../../../Engine/Content/EngineMaterials/T_Default_Material_Grid_M.uexp" 66
"../../../Engine/Content/EngineMaterials/T_Default_Material_Grid_N.ubulk" 67
"../../../Engine/Content/EngineMaterials/T_Default_Material_Grid_N.uasset" 68
"../../../Engine/Content/EngineMaterials/T_Default_Material_Grid_N.uexp" 69
"../../../Engine/Content/Functions/Engine_MaterialFunctions01/Opacity/CameraDepthFade.uasset" 70
"../../../Engine/Content/Functions/Engine_MaterialFunctions01/Opacity/CameraDepthFade.uexp" 71
"../../../Engine/Content/EngineMaterials/WorldGridMaterial.uasset" 72
"../../../Engine/Content/EngineMaterials/WorldGridMaterial.uexp" 73
"../../../Engine/Content/ArtTools/RenderToTexture/Meshes/S_1_Unit_Plane.uasset" 74
"../../../Engine/Content/ArtTools/RenderToTexture/Meshes/S_1_Unit_Plane.uexp" 75
"../../../Engine/Content/EditorMaterials/ParticleSystems/PSysThumbnail_NoImage.ubulk" 76
"../../../Engine/Content/EditorMaterials/ParticleSystems/PSysThumbnail_NoImage.uasset" 77
"../../../Engine/Content/EditorMaterials/ParticleSystems/PSysThumbnail_NoImage.uexp" 78
"../../../Engine/Content/EditorMaterials/ParticleSystems/PSysThumbnail_OOD.ubulk" 79
"../../../Engine/Content/EditorMaterials/ParticleSystems/PSysThumbnail_OOD.uasset" 80
"../../../Engine/Content/EditorMaterials/ParticleSystems/PSysThumbnail_OOD.uexp" 81
"../../../Engine/Content/EditorLandscapeResources/SplineEditorMeshMat.uasset" 82
"../../../Engine/Content/EditorLandscapeResources/SplineEditorMeshMat.uexp" 83
"../../../Engine/Content/EditorLandscapeResources/SplineEditorMesh.uasset" 84
"../../../Engine/Content/EditorLandscapeResources/SplineEditorMesh.uexp" 85
"../../../Engine/Content/EditorMeshes/EditorSphere.uasset" 86
"../../../Engine/Content/EditorMeshes/EditorSphere.uexp" 87
"../../../Engine/Content/EditorResources/S_Solver.ubulk" 88
"../../../Engine/Content/EditorResources/S_Solver.uasset" 89
"../../../Engine/Content/EditorResources/S_Solver.uexp" 90
"../../../Engine/Plugins/Media/MediaPlate/Content/SM_MediaPlateScreen.uasset" 91
"../../../Engine/Plugins/Media/MediaPlate/Content/SM_MediaPlateScreen.uexp" 92
"../../../Engine/Content/EngineMaterials/Good64x64TilingNoiseHighFreq.uasset" 93
"../../../Engine/Content/EngineMaterials/Good64x64TilingNoiseHighFreq.uexp" 94
"../../../Engine/Content/EngineMaterials/DefaultBokeh.uasset" 95
"../../../Engine/Content/EngineMaterials/DefaultBokeh.uexp" 96
"../../../Engine/Content/EngineMaterials/PreintegratedSkinBRDF.uasset" 97
"../../../Engine/Content/EngineMaterials/PreintegratedSkinBRDF.uexp" 98
"../../../Engine/Content/EngineMaterials/MiniFont.uasset" 99
"../../../Engine/Content/EngineMaterials/MiniFont.uexp" 100
"../../../Engine/Content/EngineMaterials/WeightMapPlaceholderTexture.uasset" 101
"../../../Engine/Content/EngineMaterials/WeightMapPlaceholderTexture.uexp" 102
"../../../Engine/Content/EngineMaterials/DefaultWhiteGrid.ubulk" 103
"../../../Engine/Content/EngineMaterials/DefaultWhiteGrid.uasset" 104
"../../../Engine/Content/EngineMaterials/DefaultWhiteGrid.uexp" 105
"D:/CastleProject_UESensei_Youtube_Tutorial/CastleDemo_YT_Learn/Content/LevelPrototyping/Textures/T_GridChecker_A.ubulk" 106
"D:/CastleProject_UESensei_Youtube_Tutorial/CastleDemo_YT_Learn/Content/LevelPrototyping/Textures/T_GridChecker_A.uasset" 107
"D:/CastleProject_UESensei_Youtube_Tutorial/CastleDemo_YT_Learn/Content/LevelPrototyping/Textures/T_GridChecker_A.uexp" 108
"../../../Engine/Content/Functions/Engine_MaterialFunctions02/Utility/MakeFloat3.uasset" 109
"../../../Engine/Content/Functions/Engine_MaterialFunctions02/Utility/MakeFloat3.uexp" 110
"../../../Engine/Content/Functions/Engine_MaterialFunctions01/Gradient/LinearGradient.uasset" 111
"../../../Engine/Content/Functions/Engine_MaterialFunctions01/Gradient/LinearGradient.uexp" 112
"../../../Engine/Content/Functions/Engine_MaterialFunctions01/ImageAdjustment/CheapContrast.uasset" 113
"../../../Engine/Content/Functions/Engine_MaterialFunctions01/ImageAdjustment/CheapContrast.uexp" 114
"../../../Engine/Content/Functions/Engine_MaterialFunctions02/Utility/BreakOutFloat3Components.uasset" 115
"../../../Engine/Content/Functions/Engine_MaterialFunctions02/Utility/BreakOutFloat3Components.uexp" 116
"D:/CastleProject_UESensei_Youtube_Tutorial/CastleDemo_YT_Learn/Content/LevelPrototyping/Materials/MF_ProcGrid.uasset" 117
"D:/CastleProject_UESensei_Youtube_Tutorial/CastleDemo_YT_Learn/Content/LevelPrototyping/Materials/MF_ProcGrid.uexp" 118
"D:/CastleProject_UESensei_Youtube_Tutorial/CastleDemo_YT_Learn/Content/LevelPrototyping/Materials/M_PrototypeGrid.uasset" 119
"D:/CastleProject_UESensei_Youtube_Tutorial/CastleDemo_YT_Learn/Content/LevelPrototyping/Materials/M_PrototypeGrid.uexp" 120
"D:/CastleProject_UESensei_Youtube_Tutorial/CastleDemo_YT_Learn/Content/LevelPrototyping/Materials/MI_PrototypeGrid_TopDark.uasset" 121
"D:/CastleProject_UESensei_Youtube_Tutorial/CastleDemo_YT_Learn/Content/LevelPrototyping/Materials/MI_PrototypeGrid_TopDark.uexp" 122
"D:/CastleProject_UESensei_Youtube_Tutorial/CastleDemo_YT_Learn/Content/LevelPrototyping/Materials/MI_PrototypeGrid_Gray.uasset" 123
"D:/CastleProject_UESensei_Youtube_Tutorial/CastleDemo_YT_Learn/Content/LevelPrototyping/Materials/MI_PrototypeGrid_Gray.uexp" 124
"D:/CastleProject_UESensei_Youtube_Tutorial/CastleDemo_YT_Learn/Content/LevelPrototyping/Meshes/SM_Ramp.uasset" 125
"D:/CastleProject_UESensei_Youtube_Tutorial/CastleDemo_YT_Learn/Content/LevelPrototyping/Meshes/SM_Ramp.uexp" 126
"D:/CastleProject_UESensei_Youtube_Tutorial/CastleDemo_YT_Learn/Content/LevelPrototyping/Meshes/SM_QuarterCylinder.uasset" 127
"D:/CastleProject_UESensei_Youtube_Tutorial/CastleDemo_YT_Learn/Content/LevelPrototyping/Meshes/SM_QuarterCylinder.uexp" 128
"D:/CastleProject_UESensei_Youtube_Tutorial/CastleDemo_YT_Learn/Content/LevelPrototyping/Meshes/SM_Cube.uasset" 129
"D:/CastleProject_UESensei_Youtube_Tutorial/CastleDemo_YT_Learn/Content/LevelPrototyping/Meshes/SM_Cube.uexp" 130
"D:/CastleProject_UESensei_Youtube_Tutorial/CastleDemo_YT_Learn/Content/LevelPrototyping/Materials/M_Solid.uasset" 131
"D:/CastleProject_UESensei_Youtube_Tutorial/CastleDemo_YT_Learn/Content/LevelPrototyping/Materials/M_Solid.uexp" 132
"D:/CastleProject_UESensei_Youtube_Tutorial/CastleDemo_YT_Learn/Content/LevelPrototyping/Materials/MI_Solid_Blue.uasset" 133
"D:/CastleProject_UESensei_Youtube_Tutorial/CastleDemo_YT_Learn/Content/LevelPrototyping/Materials/MI_Solid_Blue.uexp" 134
"D:/CastleProject_UESensei_Youtube_Tutorial/CastleDemo_YT_Learn/Content/LevelPrototyping/Meshes/SM_ChamferCube.uasset" 135
"D:/CastleProject_UESensei_Youtube_Tutorial/CastleDemo_YT_Learn/Content/LevelPrototyping/Meshes/SM_ChamferCube.uexp" 136
"../../../Engine/Plugins/Interchange/Runtime/Content/Pipelines/DefaultTexturePipeline.uasset" 137
"../../../Engine/Plugins/Interchange/Runtime/Content/Pipelines/DefaultTexturePipeline.uexp" 138
"../../../Engine/Content/EngineMaterials/DefaultMaterial.uasset" 139
"../../../Engine/Content/EngineMaterials/DefaultMaterial.uexp" 140
"../../../Engine/Content/BasicShapes/Sphere.uasset" 141
"../../../Engine/Content/BasicShapes/Sphere.uexp" 142
"../../../Engine/Content/BasicShapes/Plane.uasset" 143
"../../../Engine/Content/BasicShapes/Plane.uexp" 144
"../../../Engine/Content/BasicShapes/Cylinder.uasset" 145
"../../../Engine/Content/BasicShapes/Cylinder.uexp" 146
"../../../Engine/Content/BasicShapes/Cube.uasset" 147
"../../../Engine/Content/BasicShapes/Cube.uexp" 148
"../../../Engine/Content/BasicShapes/Cone.uasset" 149
"../../../Engine/Content/BasicShapes/Cone.uexp" 150
"../../../Engine/Content/EditorLandscapeResources/DefaultAlphaTexture.uasset" 151
"../../../Engine/Content/EditorLandscapeResources/DefaultAlphaTexture.uexp" 152
"../../../Engine/Content/EditorLandscapeResources/DataLayer.uasset" 153
"../../../Engine/Content/EditorLandscapeResources/DataLayer.uexp" 154
"../../../Engine/Content/EditorMaterials/PreviewShadowIndicator.ubulk" 155
"../../../Engine/Content/EditorMaterials/PreviewShadowIndicator.uasset" 156
"../../../Engine/Content/EditorMaterials/PreviewShadowIndicator.uexp" 157
"../../../Engine/Content/EditorMaterials/PreviewShadowIndicatorMaterial.uasset" 158
"../../../Engine/Content/EditorMaterials/PreviewShadowIndicatorMaterial.uexp" 159
"../../../Engine/Content/EditorMaterials/PhAT_UnselectedMaterial.uasset" 160
"../../../Engine/Content/EditorMaterials/PhAT_UnselectedMaterial.uexp" 161
"../../../Engine/Content/EditorMaterials/PhAT_NoCollisionMaterial.uasset" 162
"../../../Engine/Content/EditorMaterials/PhAT_NoCollisionMaterial.uexp" 163
"../../../Engine/Content/Functions/Engine_MaterialFunctions02/Utility/MakeFloat4.uasset" 164
"../../../Engine/Content/Functions/Engine_MaterialFunctions02/Utility/MakeFloat4.uexp" 165
"../../../Engine/Content/EditorMaterials/WorldPartition/WorldPartitionSpatialHashGridPreviewMaterial.uasset" 166
"../../../Engine/Content/EditorMaterials/WorldPartition/WorldPartitionSpatialHashGridPreviewMaterial.uexp" 167
"../../../Engine/Content/EditorResources/S_Terrain.ubulk" 168
"../../../Engine/Content/EditorResources/S_Terrain.uasset" 169
"../../../Engine/Content/EditorResources/S_Terrain.uexp" 170
"../../../Engine/Content/EditorResources/EmptyActor.uasset" 171
"../../../Engine/Content/EditorResources/EmptyActor.uexp" 172
"../../../Engine/Content/EditorResources/BSPVertex.uasset" 173
"../../../Engine/Content/EditorResources/BSPVertex.uexp" 174
"../../../Engine/Content/EditorResources/SequenceRecorder/RecordingIndicator.uasset" 175
"../../../Engine/Content/EditorResources/SequenceRecorder/RecordingIndicator.uexp" 176
"../../../Engine/Content/EditorResources/SequenceRecorder/Countdown.uasset" 177
"../../../Engine/Content/EditorResources/SequenceRecorder/Countdown.uexp" 178
"../../../Engine/Content/EngineDamageTypes/DmgTypeBP_Environmental.uasset" 179
"../../../Engine/Content/EngineDamageTypes/DmgTypeBP_Environmental.uexp" 180
"../../../Engine/Plugins/Interchange/Runtime/Content/Pipelines/DefaultAssetsPipeline.uasset" 181
"../../../Engine/Plugins/Interchange/Runtime/Content/Pipelines/DefaultAssetsPipeline.uexp" 182
"../../../Engine/Content/Functions/Engine_MaterialFunctions02/Utility/CameraDirectionVector.uasset" 183
"../../../Engine/Content/Functions/Engine_MaterialFunctions02/Utility/CameraDirectionVector.uexp" 184
"../../../Engine/Content/EngineDebugMaterials/VolumeToRender.uasset" 185
"../../../Engine/Content/EngineDebugMaterials/VolumeToRender.uexp" 186
"../../../Engine/Content/EngineDebugMaterials/M_VolumeRenderSphereTracePP.uasset" 187
"../../../Engine/Content/EngineDebugMaterials/M_VolumeRenderSphereTracePP.uexp" 188
"../../../Engine/Content/EngineDebugMaterials/M_SimpleUnlitTranslucent.uasset" 189
"../../../Engine/Content/EngineDebugMaterials/M_SimpleUnlitTranslucent.uexp" 190
"../../../Engine/Content/EngineDebugMaterials/DebugMeshMaterial.uasset" 191
"../../../Engine/Content/EngineDebugMaterials/DebugMeshMaterial.uexp" 192
"../../../Engine/Content/EngineDebugMaterials/DebugEditorMaterial.uasset" 193
"../../../Engine/Content/EngineDebugMaterials/DebugEditorMaterial.uexp" 194
"../../../Engine/Content/EngineFonts/Faces/RobotoLight.uexp" 195
"../../../Engine/Content/EngineFonts/Faces/RobotoLight.uasset" 196
"../../../Engine/Content/EngineFonts/Faces/RobotoLight.ufont" 197
"../../../Engine/Content/EngineFonts/Faces/RobotoBold.uexp" 198
"../../../Engine/Content/EngineFonts/Faces/RobotoBold.uasset" 199
"../../../Engine/Content/EngineFonts/Faces/RobotoBold.ufont" 200
"../../../Engine/Content/EngineFonts/Faces/RobotoRegular.uexp" 201
"../../../Engine/Content/EngineFonts/Faces/RobotoRegular.uasset" 202
"../../../Engine/Content/EngineFonts/Faces/RobotoRegular.ufont" 203
"../../../Engine/Content/EngineFonts/Faces/DroidSansFallback.uexp" 204
"../../../Engine/Content/EngineFonts/Faces/DroidSansFallback.uasset" 205
"../../../Engine/Content/EngineFonts/Faces/DroidSansFallback.ufont" 206
"../../../Engine/Content/EngineFonts/Faces/RobotoItalic.uexp" 207
"../../../Engine/Content/EngineFonts/Faces/RobotoItalic.uasset" 208
"../../../Engine/Content/EngineFonts/Faces/RobotoItalic.ufont" 209
"../../../Engine/Content/EngineFonts/Faces/RobotoBoldItalic.uexp" 210
"../../../Engine/Content/EngineFonts/Faces/RobotoBoldItalic.uasset" 211
"../../../Engine/Content/EngineFonts/Faces/RobotoBoldItalic.ufont" 212
"../../../Engine/Content/EngineFonts/Roboto.uasset" 213
"../../../Engine/Content/EngineFonts/Roboto.uexp" 214
"../../../Engine/Content/EngineResources/WhiteSquareTexture.uasset" 215
"../../../Engine/Content/EngineResources/WhiteSquareTexture.uexp" 216
"../../../Engine/Content/EngineMaterials/Widget3DPassThrough.uasset" 217
"../../../Engine/Content/EngineMaterials/Widget3DPassThrough.uexp" 218
"../../../Engine/Content/EngineMaterials/Widget3DPassThrough_Translucent.uasset" 219
"../../../Engine/Content/EngineMaterials/Widget3DPassThrough_Translucent.uexp" 220
"../../../Engine/Content/EngineMaterials/Widget3DPassThrough_Translucent_OneSided.uasset" 221
"../../../Engine/Content/EngineMaterials/Widget3DPassThrough_Translucent_OneSided.uexp" 222
"../../../Engine/Content/EngineMaterials/Widget3DPassThrough_Opaque.uasset" 223
"../../../Engine/Content/EngineMaterials/Widget3DPassThrough_Opaque.uexp" 224
"../../../Engine/Content/EngineMaterials/Widget3DPassThrough_Opaque_OneSided.uasset" 225
"../../../Engine/Content/EngineMaterials/Widget3DPassThrough_Opaque_OneSided.uexp" 226
"../../../Engine/Content/EngineMaterials/Widget3DPassThrough_Masked_OneSided.uasset" 227
"../../../Engine/Content/EngineMaterials/Widget3DPassThrough_Masked_OneSided.uexp" 228
"../../../Engine/Content/EngineMaterials/Widget3DPassThrough_Masked.uasset" 229
"../../../Engine/Content/EngineMaterials/Widget3DPassThrough_Masked.uexp" 230
"../../../Engine/Plugins/Runtime/MeshModelingToolset/Content/Materials/M_DynamicMeshComponentVtxColor.uasset" 231
"../../../Engine/Plugins/Runtime/MeshModelingToolset/Content/Materials/M_DynamicMeshComponentVtxColor.uexp" 232
"../../../Engine/Content/EngineMaterials/STBlueNoise_vec2_128x128x64.uasset" 233
"../../../Engine/Content/EngineMaterials/STBlueNoise_vec2_128x128x64.uexp" 234
"../../../Engine/Content/EngineMaterials/STBlueNoise_scalar_128x128x64.uasset" 235
"../../../Engine/Content/EngineMaterials/STBlueNoise_scalar_128x128x64.uexp" 236
"../../../Engine/Content/EngineMaterials/RemoveSurfaceMaterial.uasset" 237
"../../../Engine/Content/EngineMaterials/RemoveSurfaceMaterial.uexp" 238
"../../../Engine/Plugins/Interchange/Runtime/Content/gltf/Textures/T_Gray_Linear.uasset" 239
"../../../Engine/Plugins/Interchange/Runtime/Content/gltf/Textures/T_Gray_Linear.uexp" 240
"../../../Engine/Content/EngineMaterials/DefaultCalibrationGrayscale.uasset" 241
"../../../Engine/Content/EngineMaterials/DefaultCalibrationGrayscale.uexp" 242
"../../../Engine/Content/EngineMaterials/PPM_DefaultCalibrationGrayscale.uasset" 243
"../../../Engine/Content/EngineMaterials/PPM_DefaultCalibrationGrayscale.uexp" 244
"../../../Engine/Content/EngineMaterials/DefaultCalibrationColor.uasset" 245
"../../../Engine/Content/EngineMaterials/DefaultCalibrationColor.uexp" 246
"../../../Engine/Content/EngineMaterials/PPM_DefaultCalibrationColor.uasset" 247
"../../../Engine/Content/EngineMaterials/PPM_DefaultCalibrationColor.uexp" 248
"../../../Engine/Content/Functions/Engine_MaterialFunctions02/WorldPositionOffset/CameraOffset.uasset" 249
"../../../Engine/Content/Functions/Engine_MaterialFunctions02/WorldPositionOffset/CameraOffset.uexp" 250
"../../../Engine/Content/EngineMaterials/PhAT_JointLimitMaterial.uasset" 251
"../../../Engine/Content/EngineMaterials/PhAT_JointLimitMaterial.uexp" 252
"../../../Engine/Content/EngineMaterials/InvalidLightmapSettings.ubulk" 253
"../../../Engine/Content/EngineMaterials/InvalidLightmapSettings.uasset" 254
"../../../Engine/Content/EngineMaterials/InvalidLightmapSettings.uexp" 255
"../../../Engine/Content/EngineMaterials/M_InvalidLightmapSettings.uasset" 256
"../../../Engine/Content/EngineMaterials/M_InvalidLightmapSettings.uexp" 257
"../../../Engine/Plugins/Interchange/Runtime/Content/gltf/Textures/T_Black_srgb.uasset" 258
"../../../Engine/Plugins/Interchange/Runtime/Content/gltf/Textures/T_Black_srgb.uexp" 259
"../../../Engine/Content/EngineMaterials/GizmoMaterial.uasset" 260
"../../../Engine/Content/EngineMaterials/GizmoMaterial.uexp" 261
"../../../Engine/Content/EngineMaterials/BaseFlattenEmissiveMap_VT.uasset" 262
"../../../Engine/Content/EngineMaterials/BaseFlattenEmissiveMap_VT.uexp" 263
"../../../Engine/Content/EngineMaterials/BaseFlattenGrayscaleMap_VT.uasset" 264
"../../../Engine/Content/EngineMaterials/BaseFlattenGrayscaleMap_VT.uexp" 265
"../../../Engine/Content/EngineMaterials/BaseFlattenLinearColor_VT.uasset" 266
"../../../Engine/Content/EngineMaterials/BaseFlattenLinearColor_VT.uexp" 267
"../../../Engine/Content/EngineMaterials/Black_1x1_EXR_Texture_VT.uasset" 268
"../../../Engine/Content/EngineMaterials/Black_1x1_EXR_Texture_VT.uexp" 269
"../../../Engine/Content/EngineMaterials/BaseFlattenDiffuseMap_VT.uasset" 270
"../../../Engine/Content/EngineMaterials/BaseFlattenDiffuseMap_VT.uexp" 271
"../../../Engine/Content/EngineMaterials/BaseFlattenNormalMap_VT.uasset" 272
"../../../Engine/Content/EngineMaterials/BaseFlattenNormalMap_VT.uexp" 273
"../../../Engine/Content/EngineMaterials/FlattenMaterial_WS_Normal_VT.uasset" 274
"../../../Engine/Content/EngineMaterials/FlattenMaterial_WS_Normal_VT.uexp" 275
"../../../Engine/Content/EngineMaterials/FlattenMaterial_VT.uasset" 276
"../../../Engine/Content/EngineMaterials/FlattenMaterial_VT.uexp" 277
"../../../Engine/Content/EngineMaterials/BaseFlattenNormalMap.uasset" 278
"../../../Engine/Content/EngineMaterials/BaseFlattenNormalMap.uexp" 279
"../../../Engine/Content/EngineMaterials/BaseFlattenGrayscaleMap.uasset" 280
"../../../Engine/Content/EngineMaterials/BaseFlattenGrayscaleMap.uexp" 281
"../../../Engine/Content/EngineMaterials/BaseFlattenDiffuseMap.uasset" 282
"../../../Engine/Content/EngineMaterials/BaseFlattenDiffuseMap.uexp" 283
"../../../Engine/Content/Functions/Engine_MaterialFunctions02/PivotPainter2/Black_1x1_EXR_Texture.uasset" 284
"../../../Engine/Content/Functions/Engine_MaterialFunctions02/PivotPainter2/Black_1x1_EXR_Texture.uexp" 285
"../../../Engine/Content/EngineMaterials/BaseFlattenEmissiveMap.uasset" 286
"../../../Engine/Content/EngineMaterials/BaseFlattenEmissiveMap.uexp" 287
"../../../Engine/Content/EngineMaterials/BaseFlattenLinearColor.uasset" 288
"../../../Engine/Content/EngineMaterials/BaseFlattenLinearColor.uexp" 289
"../../../Engine/Content/EngineMaterials/FlattenMaterial.uasset" 290
"../../../Engine/Content/EngineMaterials/FlattenMaterial.uexp" 291
"../../../Engine/Content/EngineMaterials/DefaultWhiteGrid_Low.uasset" 292
"../../../Engine/Content/EngineMaterials/DefaultWhiteGrid_Low.uexp" 293
"../../../Engine/Content/EngineMaterials/EmissiveMeshMaterial.uasset" 294
"../../../Engine/Content/EngineMaterials/EmissiveMeshMaterial.uexp" 295
"../../../Engine/Plugins/Interchange/Runtime/Content/Materials/MapOrLinearColorFunction.uasset" 296
"../../../Engine/Plugins/Interchange/Runtime/Content/Materials/MapOrLinearColorFunction.uexp" 297
"../../../Engine/Content/EngineMaterials/DefaultNormal.ubulk" 298
"../../../Engine/Content/EngineMaterials/DefaultNormal.uasset" 299
"../../../Engine/Content/EngineMaterials/DefaultNormal.uexp" 300
"../../../Engine/Plugins/Interchange/Runtime/Content/Materials/MapOrScalarFunction.uasset" 301
"../../../Engine/Plugins/Interchange/Runtime/Content/Materials/MapOrScalarFunction.uexp" 302
"../../../Engine/Plugins/Interchange/Runtime/Content/Materials/MapOrColorFunction.uasset" 303
"../../../Engine/Plugins/Interchange/Runtime/Content/Materials/MapOrColorFunction.uexp" 304
"../../../Engine/Plugins/Interchange/Runtime/Content/Materials/CommonMaterial.uasset" 305
"../../../Engine/Plugins/Interchange/Runtime/Content/Materials/CommonMaterial.uexp" 306
"../../../Engine/Plugins/Interchange/Runtime/Content/Materials/PBRSurfaceFunction.uasset" 307
"../../../Engine/Plugins/Interchange/Runtime/Content/Materials/PBRSurfaceFunction.uexp" 308
"../../../Engine/Plugins/Interchange/Runtime/Content/Materials/ClearCoatMaterial.uasset" 309
"../../../Engine/Plugins/Interchange/Runtime/Content/Materials/ClearCoatMaterial.uexp" 310
"../../../Engine/Plugins/Interchange/Runtime/Content/gltf/MaterialFunctions/MF_RotateV2.uasset" 311
"../../../Engine/Plugins/Interchange/Runtime/Content/gltf/MaterialFunctions/MF_RotateV2.uexp" 312
"../../../Engine/Plugins/Interchange/Runtime/Content/gltf/MaterialFunctions/MF_TransformUVs.uasset" 313
"../../../Engine/Plugins/Interchange/Runtime/Content/gltf/MaterialFunctions/MF_TransformUVs.uexp" 314
"../../../Engine/Plugins/Interchange/Runtime/Content/gltf/Textures/T_White_srgb.uasset" 315
"../../../Engine/Plugins/Interchange/Runtime/Content/gltf/Textures/T_White_srgb.uexp" 316
"../../../Engine/Plugins/Interchange/Runtime/Content/gltf/MaterialFunctions/MF_BaseColor.uasset" 317
"../../../Engine/Plugins/Interchange/Runtime/Content/gltf/MaterialFunctions/MF_BaseColor.uexp" 318
"../../../Engine/Plugins/Interchange/Runtime/Content/gltf/MaterialFunctions/MF_DiffuseSpecGloss.uasset" 319
"../../../Engine/Plugins/Interchange/Runtime/Content/gltf/MaterialFunctions/MF_DiffuseSpecGloss.uexp" 320
"../../../Engine/Plugins/Interchange/Runtime/Content/gltf/Textures/T_White_Linear.uasset" 321
"../../../Engine/Plugins/Interchange/Runtime/Content/gltf/Textures/T_White_Linear.uexp" 322
"../../../Engine/Plugins/Interchange/Runtime/Content/gltf/MaterialFunctions/MF_MetallicRoughness.uasset" 323
"../../../Engine/Plugins/Interchange/Runtime/Content/gltf/MaterialFunctions/MF_MetallicRoughness.uexp" 324
"../../../Engine/Content/Functions/Engine_MaterialFunctions02/Math/Transform3x3Matrix.uasset" 325
"../../../Engine/Content/Functions/Engine_MaterialFunctions02/Math/Transform3x3Matrix.uexp" 326
"../../../Engine/Plugins/Interchange/Runtime/Content/gltf/MaterialFunctions/MF_RotateNormals_TS.uasset" 327
"../../../Engine/Plugins/Interchange/Runtime/Content/gltf/MaterialFunctions/MF_RotateNormals_TS.uexp" 328
"../../../Engine/Plugins/Interchange/Runtime/Content/gltf/Textures/T_Generic_N.uasset" 329
"../../../Engine/Plugins/Interchange/Runtime/Content/gltf/Textures/T_Generic_N.uexp" 330
"../../../Engine/Plugins/Interchange/Runtime/Content/gltf/MaterialFunctions/MF_Clearcoat.uasset" 331
"../../../Engine/Plugins/Interchange/Runtime/Content/gltf/MaterialFunctions/MF_Clearcoat.uexp" 332
"../../../Engine/Plugins/Interchange/Runtime/Content/gltf/MaterialFunctions/MF_Occlusion.uasset" 333
"../../../Engine/Plugins/Interchange/Runtime/Content/gltf/MaterialFunctions/MF_Occlusion.uexp" 334
"../../../Engine/Plugins/Interchange/Runtime/Content/gltf/MaterialFunctions/MF_Emissive.uasset" 335
"../../../Engine/Plugins/Interchange/Runtime/Content/gltf/MaterialFunctions/MF_Emissive.uexp" 336
"../../../Engine/Plugins/Interchange/Runtime/Content/gltf/MaterialFunctions/MF_Specular.uasset" 337
"../../../Engine/Plugins/Interchange/Runtime/Content/gltf/MaterialFunctions/MF_Specular.uexp" 338
"../../../Engine/Plugins/Interchange/Runtime/Content/gltf/MaterialFunctions/MF_IOR.uasset" 339
"../../../Engine/Plugins/Interchange/Runtime/Content/gltf/MaterialFunctions/MF_IOR.uexp" 340
"../../../Engine/Content/Functions/Engine_MaterialFunctions01/Texturing/FlattenNormal.uasset" 341
"../../../Engine/Content/Functions/Engine_MaterialFunctions01/Texturing/FlattenNormal.uexp" 342
"../../../Engine/Plugins/Interchange/Runtime/Content/gltf/MaterialFunctions/MF_Normals.uasset" 343
"../../../Engine/Plugins/Interchange/Runtime/Content/gltf/MaterialFunctions/MF_Normals.uexp" 344
"../../../Engine/Content/Functions/Engine_MaterialFunctions02/Math/AddComponents.uasset" 345
"../../../Engine/Content/Functions/Engine_MaterialFunctions02/Math/AddComponents.uexp" 346
"../../../Engine/Plugins/Interchange/Runtime/Content/gltf/MaterialFunctions/MF_PerceivedBrightness.uasset" 347
"../../../Engine/Plugins/Interchange/Runtime/Content/gltf/MaterialFunctions/MF_PerceivedBrightness.uexp" 348
"../../../Engine/Plugins/Interchange/Runtime/Content/gltf/MaterialFunctions/MF_SpecGlossToMetalRoughness.uasset" 349
"../../../Engine/Plugins/Interchange/Runtime/Content/gltf/MaterialFunctions/MF_SpecGlossToMetalRoughness.uexp" 350
"../../../Engine/Plugins/Interchange/Runtime/Content/gltf/M_Opaque.uasset" 351
"../../../Engine/Plugins/Interchange/Runtime/Content/gltf/M_Opaque.uexp" 352
"../../../Engine/Plugins/Interchange/Runtime/Content/gltf/MaterialInstances_SG/MI_Opaque.uasset" 353
"../../../Engine/Plugins/Interchange/Runtime/Content/gltf/MaterialInstances_SG/MI_Opaque.uexp" 354
"../../../Engine/Content/EngineFonts/RobotoDistanceField.uasset" 355
"../../../Engine/Content/EngineFonts/RobotoDistanceField.uexp" 356
"../../../Engine/Content/EngineMaterials/DefaultTextMaterialOpaque.uasset" 357
"../../../Engine/Content/EngineMaterials/DefaultTextMaterialOpaque.uexp" 358
"../../../Engine/Content/EngineMaterials/DefaultDiffuse.ubulk" 359
"../../../Engine/Content/EngineMaterials/DefaultDiffuse.uasset" 360
"../../../Engine/Content/EngineMaterials/DefaultDiffuse.uexp" 361
"../../../Engine/Content/Functions/Engine_MaterialFunctions02/Utility/BreakOutFloat2Components.uasset" 362
"../../../Engine/Content/Functions/Engine_MaterialFunctions02/Utility/BreakOutFloat2Components.uexp" 363
"../../../Engine/Content/EngineMaterials/DefaultPostProcessMaterial.uasset" 364
"../../../Engine/Content/EngineMaterials/DefaultPostProcessMaterial.uexp" 365
"../../../Engine/Content/EngineMaterials/DefaultPhysicalMaterial.uasset" 366
"../../../Engine/Content/EngineMaterials/DefaultPhysicalMaterial.uexp" 367
"../../../Engine/Content/EngineMaterials/DefaultLightFunctionMaterial.uasset" 368
"../../../Engine/Content/EngineMaterials/DefaultLightFunctionMaterial.uexp" 369
"../../../Engine/Content/EngineMaterials/DefaultDestructiblePhysicalMaterial.uasset" 370
"../../../Engine/Content/EngineMaterials/DefaultDestructiblePhysicalMaterial.uexp" 371
"../../../Engine/Content/EngineMaterials/DefaultDeferredDecalMaterial.uasset" 372
"../../../Engine/Content/EngineMaterials/DefaultDeferredDecalMaterial.uexp" 373
"../../../Engine/Content/EngineMaterials/DefaultBloomKernel.uasset" 374
"../../../Engine/Content/EngineMaterials/DefaultBloomKernel.uexp" 375
"../../../Engine/Plugins/Interchange/Runtime/Content/Materials/UnlitMaterial.uasset" 376
"../../../Engine/Plugins/Interchange/Runtime/Content/Materials/UnlitMaterial.uexp" 377
"../../../Engine/Plugins/Interchange/Runtime/Content/Materials/ThinTranslucentMaterial.uasset" 378
"../../../Engine/Plugins/Interchange/Runtime/Content/Materials/ThinTranslucentMaterial.uexp" 379
"../../../Engine/Content/EngineMaterials/FlatNormal.uasset" 380
"../../../Engine/Content/EngineMaterials/FlatNormal.uexp" 381
"../../../Engine/Plugins/Interchange/Runtime/Content/Functions/MF_OrenNayerView.uasset" 382
"../../../Engine/Plugins/Interchange/Runtime/Content/Functions/MF_OrenNayerView.uexp" 383
"../../../Engine/Content/EditorLandscapeResources/WhiteSquareTexture.uasset" 384
"../../../Engine/Content/EditorLandscapeResources/WhiteSquareTexture.uexp" 385
"../../../Engine/Plugins/Interchange/Runtime/Content/Functions/MF_SchlickApprox.uasset" 386
"../../../Engine/Plugins/Interchange/Runtime/Content/Functions/MF_SchlickApprox.uexp" 387
"../../../Engine/Plugins/Interchange/Runtime/Content/Utilities/New_LUT.uasset" 388
"../../../Engine/Plugins/Interchange/Runtime/Content/Utilities/New_LUT.uexp" 389
"../../../Engine/Content/Functions/Engine_MaterialFunctions03/Math/RemapValueRange.uasset" 390
"../../../Engine/Content/Functions/Engine_MaterialFunctions03/Math/RemapValueRange.uexp" 391
"../../../Engine/Plugins/Interchange/Runtime/Content/Functions/MF_Iridescence.uasset" 392
"../../../Engine/Plugins/Interchange/Runtime/Content/Functions/MF_Iridescence.uexp" 393
"../../../Engine/Plugins/Interchange/Runtime/Content/Materials/OrenNayerMaterial.uasset" 394
"../../../Engine/Plugins/Interchange/Runtime/Content/Materials/OrenNayerMaterial.uexp" 395
"../../../Engine/Plugins/Interchange/Runtime/Content/Materials/SubsurfaceMaterial.uasset" 396
"../../../Engine/Plugins/Interchange/Runtime/Content/Materials/SubsurfaceMaterial.uexp" 397
"../../../Engine/Plugins/Interchange/Runtime/Content/Materials/SheenMaterial.uasset" 398
"../../../Engine/Plugins/Interchange/Runtime/Content/Materials/SheenMaterial.uexp" 399
"../../../Engine/Content/Functions/Engine_MaterialFunctions01/Shading/ConvertFromDiffSpec.uasset" 400
"../../../Engine/Content/Functions/Engine_MaterialFunctions01/Shading/ConvertFromDiffSpec.uexp" 401
"../../../Engine/Plugins/Interchange/Runtime/Content/Materials/PhongSurfaceMaterial.uasset" 402
"../../../Engine/Plugins/Interchange/Runtime/Content/Materials/PhongSurfaceMaterial.uexp" 403
"../../../Engine/Plugins/Interchange/Runtime/Content/Materials/PBRSurfaceMaterial.uasset" 404
"../../../Engine/Plugins/Interchange/Runtime/Content/Materials/PBRSurfaceMaterial.uexp" 405
"../../../Engine/Plugins/Interchange/Runtime/Content/Materials/LambertSurfaceMaterial.uasset" 406
"../../../Engine/Plugins/Interchange/Runtime/Content/Materials/LambertSurfaceMaterial.uexp" 407
"../../../Engine/Content/EngineResources/FilmGrains/Marcie_Grain_v3_128_M2_000.uasset" 408
"../../../Engine/Content/EngineResources/FilmGrains/Marcie_Grain_v3_128_M2_000.uexp" 409
"../../../Engine/Content/EngineSky/T_Sky_Stars.ubulk" 410
"../../../Engine/Content/EngineSky/T_Sky_Stars.uasset" 411
"../../../Engine/Content/EngineSky/T_Sky_Stars.uexp" 412
"../../../Engine/Content/EngineSky/T_Sky_Clouds_M.ubulk" 413
"../../../Engine/Content/EngineSky/T_Sky_Clouds_M.uasset" 414
"../../../Engine/Content/EngineSky/T_Sky_Clouds_M.uexp" 415
"../../../Engine/Content/EngineSky/T_Sky_Blue.ubulk" 416
"../../../Engine/Content/EngineSky/T_Sky_Blue.uasset" 417
"../../../Engine/Content/EngineSky/T_Sky_Blue.uexp" 418
"../../../Engine/Content/EngineSky/M_Sky_Panning_Clouds2.uasset" 419
"../../../Engine/Content/EngineSky/M_Sky_Panning_Clouds2.uexp" 420
"../../../Engine/Content/EngineSky/SM_SkySphere.uasset" 421
"../../../Engine/Content/EngineSky/SM_SkySphere.uexp" 422
"../../../Engine/Content/EngineSky/M_SimpleSkyDome.uasset" 423
"../../../Engine/Content/EngineSky/M_SimpleSkyDome.uexp" 424
"../../../Engine/Content/EngineSky/VolumetricClouds/CloudWeatherTexture.uasset" 425
"../../../Engine/Content/EngineSky/VolumetricClouds/CloudWeatherTexture.uexp" 426
"../../../Engine/Content/Functions/Engine_MaterialFunctions02/Utility/MakeFloat2.uasset" 427
"../../../Engine/Content/Functions/Engine_MaterialFunctions02/Utility/MakeFloat2.uexp" 428
"../../../Engine/Content/EngineSky/VolumetricClouds/CloudGradientTexture.uasset" 429
"../../../Engine/Content/EngineSky/VolumetricClouds/CloudGradientTexture.uexp" 430
"../../../Engine/Content/EngineSky/VolumetricClouds/T_NoiseShape64.ubulk" 431
"../../../Engine/Content/EngineSky/VolumetricClouds/T_NoiseShape64.uasset" 432
"../../../Engine/Content/EngineSky/VolumetricClouds/T_NoiseShape64.uexp" 433
"../../../Engine/Content/EngineSky/VolumetricClouds/T_VolumeNoiseShape64.uasset" 434
"../../../Engine/Content/EngineSky/VolumetricClouds/T_VolumeNoiseShape64.uexp" 435
"../../../Engine/Content/EngineSky/VolumetricClouds/T_NoiseErosion.ubulk" 436
"../../../Engine/Content/EngineSky/VolumetricClouds/T_NoiseErosion.uasset" 437
"../../../Engine/Content/EngineSky/VolumetricClouds/T_NoiseErosion.uexp" 438
"../../../Engine/Content/EngineSky/VolumetricClouds/T_VolumeNoiseErosion32.uasset" 439
"../../../Engine/Content/EngineSky/VolumetricClouds/T_VolumeNoiseErosion32.uexp" 440
"../../../Engine/Content/EngineSky/VolumetricClouds/m_SimpleVolumetricCloud.uasset" 441
"../../../Engine/Content/EngineSky/VolumetricClouds/m_SimpleVolumetricCloud.uexp" 442
"../../../Engine/Content/EngineSky/VolumetricClouds/m_SimpleVolumetricCloud_Inst.uasset" 443
"../../../Engine/Content/EngineSky/VolumetricClouds/m_SimpleVolumetricCloud_Inst.uexp" 444
"../../../Engine/Content/EngineSounds/Master.uasset" 445
"../../../Engine/Content/EngineSounds/Master.uexp" 446
"../../../Engine/Content/Functions/Engine_MaterialFunctions01/Shading/PowerToRoughness.uasset" 447
"../../../Engine/Content/Functions/Engine_MaterialFunctions01/Shading/PowerToRoughness.uexp" 448
"../../../Engine/Content/Maps/Templates/HLODs/HLODLayer_Merged.uasset" 449
"../../../Engine/Content/Maps/Templates/HLODs/HLODLayer_Merged.uexp" 450
"../../../Engine/Content/MobileResources/HUD/VirtualJoystick_Background.uasset" 451
"../../../Engine/Content/MobileResources/HUD/VirtualJoystick_Background.uexp" 452
"../../../Engine/Content/MobileResources/HUD/VirtualJoystick_Thumb.uasset" 453
"../../../Engine/Content/MobileResources/HUD/VirtualJoystick_Thumb.uexp" 454
"../../../Engine/Content/MobileResources/HUD/DefaultVirtualJoysticks.uasset" 455
"../../../Engine/Content/MobileResources/HUD/DefaultVirtualJoysticks.uexp" 456
"../../../Engine/Plugins/2D/Paper2D/Content/PlaceholderTextures/DummySpriteTexture.ubulk" 457
"../../../Engine/Plugins/2D/Paper2D/Content/PlaceholderTextures/DummySpriteTexture.uasset" 458
"../../../Engine/Plugins/2D/Paper2D/Content/PlaceholderTextures/DummySpriteTexture.uexp" 459
"../../../Engine/Plugins/2D/Paper2D/Content/DefaultSpriteMaterial.uasset" 460
"../../../Engine/Plugins/2D/Paper2D/Content/DefaultSpriteMaterial.uexp" 461
"../../../Engine/Plugins/2D/Paper2D/Content/OpaqueUnlitSpriteMaterial.uasset" 462
"../../../Engine/Plugins/2D/Paper2D/Content/OpaqueUnlitSpriteMaterial.uexp" 463
"../../../Engine/Plugins/2D/Paper2D/Content/MaskedUnlitSpriteMaterial.uasset" 464
"../../../Engine/Plugins/2D/Paper2D/Content/MaskedUnlitSpriteMaterial.uexp" 465
"../../../Engine/Plugins/2D/Paper2D/Content/DummySprite.uasset" 466
"../../../Engine/Plugins/2D/Paper2D/Content/DummySprite.uexp" 467
"../../../Engine/Plugins/2D/Paper2D/Content/DefaultPaperTerrainMaterial.uasset" 468
"../../../Engine/Plugins/2D/Paper2D/Content/DefaultPaperTerrainMaterial.uexp" 469
"../../../Engine/Plugins/Animation/ControlRig/Content/M_Manip.uasset" 470
"../../../Engine/Plugins/Animation/ControlRig/Content/M_Manip.uexp" 471
"../../../Engine/Plugins/Animation/ControlRig/Content/Controls/DefaultGizmoLibraryNormalized.uasset" 472
"../../../Engine/Plugins/Animation/ControlRig/Content/Controls/DefaultGizmoLibraryNormalized.uexp" 473
"../../../Engine/Plugins/Animation/ControlRig/Content/Controls/ControlRig_Wedge_solid.uasset" 474
"../../../Engine/Plugins/Animation/ControlRig/Content/Controls/ControlRig_Wedge_solid.uexp" 475
"../../../Engine/Plugins/Animation/ControlRig/Content/Controls/ControlRig_Wedge_3mm.uasset" 476
"../../../Engine/Plugins/Animation/ControlRig/Content/Controls/ControlRig_Wedge_3mm.uexp" 477
"../../../Engine/Plugins/Animation/ControlRig/Content/Controls/ControlRig_Wedge_1mm.uasset" 478
"../../../Engine/Plugins/Animation/ControlRig/Content/Controls/ControlRig_Wedge_1mm.uexp" 479
"../../../Engine/Plugins/Animation/ControlRig/Content/Controls/ControlRig_Triangle_solid.uasset" 480
"../../../Engine/Plugins/Animation/ControlRig/Content/Controls/ControlRig_Triangle_solid.uexp" 481
"../../../Engine/Plugins/Animation/ControlRig/Content/Controls/ControlRig_Triangle_3mm.uasset" 482
"../../../Engine/Plugins/Animation/ControlRig/Content/Controls/ControlRig_Triangle_3mm.uexp" 483
"../../../Engine/Plugins/Animation/ControlRig/Content/Controls/ControlRig_Triangle_1mm.uasset" 484
"../../../Engine/Plugins/Animation/ControlRig/Content/Controls/ControlRig_Triangle_1mm.uexp" 485
"../../../Engine/Plugins/Animation/ControlRig/Content/Controls/ControlRig_Star4_solid.uasset" 486
"../../../Engine/Plugins/Animation/ControlRig/Content/Controls/ControlRig_Star4_solid.uexp" 487
"../../../Engine/Plugins/Animation/ControlRig/Content/Controls/ControlRig_Star4_3mm.uasset" 488
"../../../Engine/Plugins/Animation/ControlRig/Content/Controls/ControlRig_Star4_3mm.uexp" 489
"../../../Engine/Plugins/Animation/ControlRig/Content/Controls/ControlRig_Star4_1mm.uasset" 490
"../../../Engine/Plugins/Animation/ControlRig/Content/Controls/ControlRig_Star4_1mm.uexp" 491
"../../../Engine/Plugins/Animation/ControlRig/Content/Controls/ControlRig_Square_solid.uasset" 492
"../../../Engine/Plugins/Animation/ControlRig/Content/Controls/ControlRig_Square_solid.uexp" 493
"../../../Engine/Plugins/Animation/ControlRig/Content/Controls/ControlRig_Square_3mm.uasset" 494
"../../../Engine/Plugins/Animation/ControlRig/Content/Controls/ControlRig_Square_3mm.uexp" 495
"../../../Engine/Plugins/Animation/ControlRig/Content/Controls/ControlRig_Square_1mm.uasset" 496
"../../../Engine/Plugins/Animation/ControlRig/Content/Controls/ControlRig_Square_1mm.uexp" 497
"../../../Engine/Plugins/Animation/ControlRig/Content/Controls/ControlRig_Sphere_solid.uasset" 498
"../../../Engine/Plugins/Animation/ControlRig/Content/Controls/ControlRig_Sphere_solid.uexp" 499
"../../../Engine/Plugins/Animation/ControlRig/Content/Controls/ControlRig_Sphere_3mm.uasset" 500
"../../../Engine/Plugins/Animation/ControlRig/Content/Controls/ControlRig_Sphere_3mm.uexp" 501
"../../../Engine/Plugins/Animation/ControlRig/Content/Controls/ControlRig_Sphere_1mm.uasset" 502
"../../../Engine/Plugins/Animation/ControlRig/Content/Controls/ControlRig_Sphere_1mm.uexp" 503
"../../../Engine/Plugins/Animation/ControlRig/Content/Controls/ControlRig_RoundedTriangle_solid.uasset" 504
"../../../Engine/Plugins/Animation/ControlRig/Content/Controls/ControlRig_RoundedTriangle_solid.uexp" 505
"../../../Engine/Plugins/Animation/ControlRig/Content/Controls/ControlRig_RoundedTriangle_3mm.uasset" 506
"../../../Engine/Plugins/Animation/ControlRig/Content/Controls/ControlRig_RoundedTriangle_3mm.uexp" 507
"../../../Engine/Plugins/Animation/ControlRig/Content/Controls/ControlRig_RoundedTriangle_1mm.uasset" 508
"../../../Engine/Plugins/Animation/ControlRig/Content/Controls/ControlRig_RoundedTriangle_1mm.uexp" 509
"../../../Engine/Plugins/Animation/ControlRig/Content/Controls/ControlRig_RoundedSquare_solid.uasset" 510
"../../../Engine/Plugins/Animation/ControlRig/Content/Controls/ControlRig_RoundedSquare_solid.uexp" 511
"../../../Engine/Plugins/Animation/ControlRig/Content/Controls/ControlRig_RoundedSquare_3mm.uasset" 512
"../../../Engine/Plugins/Animation/ControlRig/Content/Controls/ControlRig_RoundedSquare_3mm.uexp" 513
"../../../Engine/Plugins/Animation/ControlRig/Content/Controls/ControlRig_RoundedSquare_1mm.uasset" 514
"../../../Engine/Plugins/Animation/ControlRig/Content/Controls/ControlRig_RoundedSquare_1mm.uexp" 515
"../../../Engine/Plugins/Animation/ControlRig/Content/Controls/ControlRig_QuarterCircle_solid.uasset" 516
"../../../Engine/Plugins/Animation/ControlRig/Content/Controls/ControlRig_QuarterCircle_solid.uexp" 517
"../../../Engine/Plugins/Animation/ControlRig/Content/Controls/ControlRig_QuarterCircle_3mm.uasset" 518
"../../../Engine/Plugins/Animation/ControlRig/Content/Controls/ControlRig_QuarterCircle_3mm.uexp" 519
"../../../Engine/Plugins/Animation/ControlRig/Content/Controls/ControlRig_QuarterCircle_1mm.uasset" 520
"../../../Engine/Plugins/Animation/ControlRig/Content/Controls/ControlRig_QuarterCircle_1mm.uexp" 521
"../../../Engine/Plugins/Animation/ControlRig/Content/Controls/ControlRig_Pyramid_solid.uasset" 522
"../../../Engine/Plugins/Animation/ControlRig/Content/Controls/ControlRig_Pyramid_solid.uexp" 523
"../../../Engine/Plugins/Animation/ControlRig/Content/Controls/ControlRig_Pyramid_3mm.uasset" 524
"../../../Engine/Plugins/Animation/ControlRig/Content/Controls/ControlRig_Pyramid_3mm.uexp" 525
"../../../Engine/Plugins/Animation/ControlRig/Content/Controls/ControlRig_Pyramid_1mm.uasset" 526
"../../../Engine/Plugins/Animation/ControlRig/Content/Controls/ControlRig_Pyramid_1mm.uexp" 527
"../../../Engine/Plugins/Animation/ControlRig/Content/Controls/ControlRig_Octagon_solid.uasset" 528
"../../../Engine/Plugins/Animation/ControlRig/Content/Controls/ControlRig_Octagon_solid.uexp" 529
"../../../Engine/Plugins/Animation/ControlRig/Content/Controls/ControlRig_Octagon_3mm.uasset" 530
"../../../Engine/Plugins/Animation/ControlRig/Content/Controls/ControlRig_Octagon_3mm.uexp" 531
"../../../Engine/Plugins/Animation/ControlRig/Content/Controls/ControlRig_Octagon_1mm.uasset" 532
"../../../Engine/Plugins/Animation/ControlRig/Content/Controls/ControlRig_Octagon_1mm.uexp" 533
"../../../Engine/Plugins/Animation/ControlRig/Content/Controls/ControlRig_Hexagon_solid.uasset" 534
"../../../Engine/Plugins/Animation/ControlRig/Content/Controls/ControlRig_Hexagon_solid.uexp" 535
"../../../Engine/Plugins/Animation/ControlRig/Content/Controls/ControlRig_Hexagon_3mm.uasset" 536
"../../../Engine/Plugins/Animation/ControlRig/Content/Controls/ControlRig_Hexagon_3mm.uexp" 537
"../../../Engine/Plugins/Animation/ControlRig/Content/Controls/ControlRig_Hexagon_1mm.uasset" 538
"../../../Engine/Plugins/Animation/ControlRig/Content/Controls/ControlRig_Hexagon_1mm.uexp" 539
"../../../Engine/Plugins/Animation/ControlRig/Content/Controls/ControlRig_HalfCircle_solid.uasset" 540
"../../../Engine/Plugins/Animation/ControlRig/Content/Controls/ControlRig_HalfCircle_solid.uexp" 541
"../../../Engine/Plugins/Animation/ControlRig/Content/Controls/ControlRig_HalfCircle_3mm.uasset" 542
"../../../Engine/Plugins/Animation/ControlRig/Content/Controls/ControlRig_HalfCircle_3mm.uexp" 543
"../../../Engine/Plugins/Animation/ControlRig/Content/Controls/ControlRig_HalfCircle_1mm.uasset" 544
"../../../Engine/Plugins/Animation/ControlRig/Content/Controls/ControlRig_HalfCircle_1mm.uexp" 545
"../../../Engine/Plugins/Animation/ControlRig/Content/Controls/ControlRig_Diamond_solid.uasset" 546
"../../../Engine/Plugins/Animation/ControlRig/Content/Controls/ControlRig_Diamond_solid.uexp" 547
"../../../Engine/Plugins/Animation/ControlRig/Content/Controls/ControlRig_Diamond_3mm.uasset" 548
"../../../Engine/Plugins/Animation/ControlRig/Content/Controls/ControlRig_Diamond_3mm.uexp" 549
"../../../Engine/Plugins/Animation/ControlRig/Content/Controls/ControlRig_Diamond_1mm.uasset" 550
"../../../Engine/Plugins/Animation/ControlRig/Content/Controls/ControlRig_Diamond_1mm.uexp" 551
"../../../Engine/Plugins/Animation/ControlRig/Content/Controls/ControlRig_Circle_solid.uasset" 552
"../../../Engine/Plugins/Animation/ControlRig/Content/Controls/ControlRig_Circle_solid.uexp" 553
"../../../Engine/Plugins/Animation/ControlRig/Content/Controls/ControlRig_Circle_3mm.uasset" 554
"../../../Engine/Plugins/Animation/ControlRig/Content/Controls/ControlRig_Circle_3mm.uexp" 555
"../../../Engine/Plugins/Animation/ControlRig/Content/Controls/ControlRig_Circle_1mm.uasset" 556
"../../../Engine/Plugins/Animation/ControlRig/Content/Controls/ControlRig_Circle_1mm.uexp" 557
"../../../Engine/Plugins/Animation/ControlRig/Content/Controls/ControlRig_Box_solid.uasset" 558
"../../../Engine/Plugins/Animation/ControlRig/Content/Controls/ControlRig_Box_solid.uexp" 559
"../../../Engine/Plugins/Animation/ControlRig/Content/Controls/ControlRig_Box_3mm.uasset" 560
"../../../Engine/Plugins/Animation/ControlRig/Content/Controls/ControlRig_Box_3mm.uexp" 561
"../../../Engine/Plugins/Animation/ControlRig/Content/Controls/ControlRig_Box_1mm.uasset" 562
"../../../Engine/Plugins/Animation/ControlRig/Content/Controls/ControlRig_Box_1mm.uexp" 563
"../../../Engine/Plugins/Animation/ControlRig/Content/Controls/ControlRig_Arrow_solid.uasset" 564
"../../../Engine/Plugins/Animation/ControlRig/Content/Controls/ControlRig_Arrow_solid.uexp" 565
"../../../Engine/Plugins/Animation/ControlRig/Content/Controls/ControlRig_Arrow_3mm.uasset" 566
"../../../Engine/Plugins/Animation/ControlRig/Content/Controls/ControlRig_Arrow_3mm.uexp" 567
"../../../Engine/Plugins/Animation/ControlRig/Content/Controls/ControlRig_Arrow_1mm.uasset" 568
"../../../Engine/Plugins/Animation/ControlRig/Content/Controls/ControlRig_Arrow_1mm.uexp" 569
"../../../Engine/Plugins/Animation/ControlRig/Content/Controls/ControlRig_Arrow4_solid.uasset" 570
"../../../Engine/Plugins/Animation/ControlRig/Content/Controls/ControlRig_Arrow4_solid.uexp" 571
"../../../Engine/Plugins/Animation/ControlRig/Content/Controls/ControlRig_Arrow4_3mm.uasset" 572
"../../../Engine/Plugins/Animation/ControlRig/Content/Controls/ControlRig_Arrow4_3mm.uexp" 573
"../../../Engine/Plugins/Animation/ControlRig/Content/Controls/ControlRig_Arrow4_1mm.uasset" 574
"../../../Engine/Plugins/Animation/ControlRig/Content/Controls/ControlRig_Arrow4_1mm.uexp" 575
"../../../Engine/Plugins/Animation/ControlRig/Content/Controls/ControlRig_Arrow2_solid.uasset" 576
"../../../Engine/Plugins/Animation/ControlRig/Content/Controls/ControlRig_Arrow2_solid.uexp" 577
"../../../Engine/Plugins/Animation/ControlRig/Content/Controls/ControlRig_Arrow2_3mm.uasset" 578
"../../../Engine/Plugins/Animation/ControlRig/Content/Controls/ControlRig_Arrow2_3mm.uexp" 579
"../../../Engine/Plugins/Animation/ControlRig/Content/Controls/ControlRig_Arrow2_1mm.uasset" 580
"../../../Engine/Plugins/Animation/ControlRig/Content/Controls/ControlRig_Arrow2_1mm.uexp" 581
"../../../Engine/Plugins/Animation/ControlRig/Content/Controls/ControlRigXRayMaterial.uasset" 582
"../../../Engine/Plugins/Animation/ControlRig/Content/Controls/ControlRigXRayMaterial.uexp" 583
"../../../Engine/Plugins/Animation/ControlRig/Content/Controls/ControlRigGizmoMaterial.uasset" 584
"../../../Engine/Plugins/Animation/ControlRig/Content/Controls/ControlRigGizmoMaterial.uexp" 585
"../../../Engine/Plugins/Editor/SpeedTreeImporter/Content/SpeedTree9/game_wind_noise.ubulk" 586
"../../../Engine/Plugins/Editor/SpeedTreeImporter/Content/SpeedTree9/game_wind_noise.uasset" 587
"../../../Engine/Plugins/Editor/SpeedTreeImporter/Content/SpeedTree9/game_wind_noise.uexp" 588
"../../../Engine/Plugins/Editor/SpeedTreeImporter/Content/SpeedTree9/UnpackDirection.uasset" 589
"../../../Engine/Plugins/Editor/SpeedTreeImporter/Content/SpeedTree9/UnpackDirection.uexp" 590
"../../../Engine/Content/Functions/Engine_MaterialFunctions02/ObjectLocalBounds.uasset" 591
"../../../Engine/Content/Functions/Engine_MaterialFunctions02/ObjectLocalBounds.uexp" 592
"../../../Engine/Content/Functions/Engine_MaterialFunctions02/UVs/BoundingBoxBased_0-1_UVW.uasset" 593
"../../../Engine/Content/Functions/Engine_MaterialFunctions02/UVs/BoundingBoxBased_0-1_UVW.uexp" 594
"../../../Engine/Content/Functions/Engine_MaterialFunctions02/Utility/VectorLength.uasset" 595
"../../../Engine/Content/Functions/Engine_MaterialFunctions02/Utility/VectorLength.uexp" 596
"../../../Engine/Plugins/Editor/SpeedTreeImporter/Content/SpeedTree9/UnpackInteger3.uasset" 597
"../../../Engine/Plugins/Editor/SpeedTreeImporter/Content/SpeedTree9/UnpackInteger3.uexp" 598
"../../../Engine/Plugins/Editor/SpeedTreeImporter/Content/SpeedTree9/SpeedTreeCameraFacing.uasset" 599
"../../../Engine/Plugins/Editor/SpeedTreeImporter/Content/SpeedTree9/SpeedTreeCameraFacing.uexp" 600
"../../../Engine/Content/Functions/Engine_MaterialFunctions02/WorldPositionOffset/ObjectScale.uasset" 601
"../../../Engine/Content/Functions/Engine_MaterialFunctions02/WorldPositionOffset/ObjectScale.uexp" 602
"../../../Engine/Content/Functions/Engine_MaterialFunctions02/SafeNormalize.uasset" 603
"../../../Engine/Content/Functions/Engine_MaterialFunctions02/SafeNormalize.uexp" 604
"../../../Engine/Plugins/Editor/SpeedTreeImporter/Content/SpeedTree9/SpeedTreeWindMotion.uasset" 605
"../../../Engine/Plugins/Editor/SpeedTreeImporter/Content/SpeedTree9/SpeedTreeWindMotion.uexp" 606
"../../../Engine/Plugins/Editor/SpeedTreeImporter/Content/SpeedTree9/SpeedTreeBranchMotion.uasset" 607
"../../../Engine/Plugins/Editor/SpeedTreeImporter/Content/SpeedTree9/SpeedTreeBranchMotion.uexp" 608
"../../../Engine/Plugins/Editor/SpeedTreeImporter/Content/SpeedTree9/SpeedTreeWind.uasset" 609
"../../../Engine/Plugins/Editor/SpeedTreeImporter/Content/SpeedTree9/SpeedTreeWind.uexp" 610
"../../../Engine/Plugins/Editor/SpeedTreeImporter/Content/SpeedTree9/EmptyNormal.uasset" 611
"../../../Engine/Plugins/Editor/SpeedTreeImporter/Content/SpeedTree9/EmptyNormal.uexp" 612
"../../../Engine/Plugins/Editor/SpeedTreeImporter/Content/SpeedTree9/Empty.uasset" 613
"../../../Engine/Plugins/Editor/SpeedTreeImporter/Content/SpeedTree9/Empty.uexp" 614
"../../../Engine/Plugins/Editor/SpeedTreeImporter/Content/SpeedTree9/SpeedTreeMaster.uasset" 615
"../../../Engine/Plugins/Editor/SpeedTreeImporter/Content/SpeedTree9/SpeedTreeMaster.uexp" 616
"../../../Engine/Plugins/Editor/SpeedTreeImporter/Content/SpeedTree9/SpeedTreeBillboard.uasset" 617
"../../../Engine/Plugins/Editor/SpeedTreeImporter/Content/SpeedTree9/SpeedTreeBillboard.uexp" 618
"../../../Engine/Plugins/Editor/SpeedTreeImporter/Content/SpeedTree9/SpeedTreeBillboardMaster.uasset" 619
"../../../Engine/Plugins/Editor/SpeedTreeImporter/Content/SpeedTree9/SpeedTreeBillboardMaster.uexp" 620
"../../../Engine/Plugins/Interchange/Runtime/Content/Pipelines/DefaultMaterialPipeline.uasset" 621
"../../../Engine/Plugins/Interchange/Runtime/Content/Pipelines/DefaultMaterialPipeline.uexp" 622
"../../../Engine/Plugins/Interchange/Runtime/Content/Pipelines/DefaultSceneLevelPipeline.uasset" 623
"../../../Engine/Plugins/Interchange/Runtime/Content/Pipelines/DefaultSceneLevelPipeline.uexp" 624
"../../../Engine/Plugins/Interchange/Runtime/Content/Pipelines/DefaultSceneAssetsPipeline.uasset" 625
"../../../Engine/Plugins/Interchange/Runtime/Content/Pipelines/DefaultSceneAssetsPipeline.uexp" 626
"../../../Engine/Content/Functions/Engine_MaterialFunctions02/Texturing/CustomRotator.uasset" 627
"../../../Engine/Content/Functions/Engine_MaterialFunctions02/Texturing/CustomRotator.uexp" 628
"../../../Engine/Content/Functions/Engine_MaterialFunctions02/Texturing/ScreenAlignedPixelToPixelUVs.uasset" 629
"../../../Engine/Content/Functions/Engine_MaterialFunctions02/Texturing/ScreenAlignedPixelToPixelUVs.uexp" 630
"../../../Engine/Plugins/Interchange/Runtime/Content/Utilities/T_Bayer64_Grayscale_64px.uasset" 631
"../../../Engine/Plugins/Interchange/Runtime/Content/Utilities/T_Bayer64_Grayscale_64px.uexp" 632
"../../../Engine/Plugins/Interchange/Runtime/Content/gltf/MaterialFunctions/MF_Temporal_Blur.uasset" 633
"../../../Engine/Plugins/Interchange/Runtime/Content/gltf/MaterialFunctions/MF_Temporal_Blur.uexp" 634
"../../../Engine/Plugins/Interchange/Runtime/Content/gltf/MaterialFunctions/MF_Fresnel_DS.uasset" 635
"../../../Engine/Plugins/Interchange/Runtime/Content/gltf/MaterialFunctions/MF_Fresnel_DS.uexp" 636
"../../../Engine/Plugins/Interchange/Runtime/Content/Functions/MX_Transmission.uasset" 637
"../../../Engine/Plugins/Interchange/Runtime/Content/Functions/MX_Transmission.uexp" 638
"../../../Engine/Plugins/Interchange/Runtime/Content/Functions/MX_StandardSurface.uasset" 639
"../../../Engine/Plugins/Interchange/Runtime/Content/Functions/MX_StandardSurface.uexp" 640
"../../../Engine/Plugins/Interchange/Runtime/Content/Functions/MX_TransmissionSurface.uasset" 641
"../../../Engine/Plugins/Interchange/Runtime/Content/Functions/MX_TransmissionSurface.uexp" 642
"../../../Engine/Content/Functions/Engine_MaterialFunctions02/WorldPositionOffset/V2/ObjectScale.uasset" 643
"../../../Engine/Content/Functions/Engine_MaterialFunctions02/WorldPositionOffset/V2/ObjectScale.uexp" 644
"../../../Engine/Plugins/Interchange/Runtime/Content/gltf/MaterialFunctions/MF_TransmissionOpacity.uasset" 645
"../../../Engine/Plugins/Interchange/Runtime/Content/gltf/MaterialFunctions/MF_TransmissionOpacity.uexp" 646
"../../../Engine/Plugins/Interchange/Runtime/Content/gltf/MaterialFunctions/MF_Transmission.uasset" 647
"../../../Engine/Plugins/Interchange/Runtime/Content/gltf/MaterialFunctions/MF_Transmission.uexp" 648
"../../../Engine/Plugins/Interchange/Runtime/Content/gltf/M_Transmission.uasset" 649
"../../../Engine/Plugins/Interchange/Runtime/Content/gltf/M_Transmission.uexp" 650
"../../../Engine/Plugins/Interchange/Runtime/Content/gltf/MaterialInstances_MR/MI_Transmission_TS.uasset" 651
"../../../Engine/Plugins/Interchange/Runtime/Content/gltf/MaterialInstances_MR/MI_Transmission_TS.uexp" 652
"../../../Engine/Plugins/Interchange/Runtime/Content/gltf/MaterialInstances_MR/MI_Transmission.uasset" 653
"../../../Engine/Plugins/Interchange/Runtime/Content/gltf/MaterialInstances_MR/MI_Transmission.uexp" 654
"../../../Engine/Plugins/Interchange/Runtime/Content/gltf/M_Translucent.uasset" 655
"../../../Engine/Plugins/Interchange/Runtime/Content/gltf/M_Translucent.uexp" 656
"../../../Engine/Plugins/Interchange/Runtime/Content/gltf/MaterialInstances_MR/MI_Translucent_TS.uasset" 657
"../../../Engine/Plugins/Interchange/Runtime/Content/gltf/MaterialInstances_MR/MI_Translucent_TS.uexp" 658
"../../../Engine/Plugins/Interchange/Runtime/Content/gltf/MaterialInstances_MR/MI_Translucent_ClearCoat_TS.uasset" 659
"../../../Engine/Plugins/Interchange/Runtime/Content/gltf/MaterialInstances_MR/MI_Translucent_ClearCoat_TS.uexp" 660
"../../../Engine/Plugins/Interchange/Runtime/Content/gltf/MaterialInstances_MR/MI_Translucent_ClearCoat.uasset" 661
"../../../Engine/Plugins/Interchange/Runtime/Content/gltf/MaterialInstances_MR/MI_Translucent_ClearCoat.uexp" 662
"../../../Engine/Plugins/Interchange/Runtime/Content/gltf/MaterialInstances_MR/MI_Translucent.uasset" 663
"../../../Engine/Plugins/Interchange/Runtime/Content/gltf/MaterialInstances_MR/MI_Translucent.uexp" 664
"../../../Engine/Plugins/Interchange/Runtime/Content/gltf/M_Unlit.uasset" 665
"../../../Engine/Plugins/Interchange/Runtime/Content/gltf/M_Unlit.uexp" 666
"../../../Engine/Plugins/Interchange/Runtime/Content/gltf/MaterialInstances_MR/MI_Opaque_Unlit_TS.uasset" 667
"../../../Engine/Plugins/Interchange/Runtime/Content/gltf/MaterialInstances_MR/MI_Opaque_Unlit_TS.uexp" 668
"../../../Engine/Plugins/Interchange/Runtime/Content/gltf/MaterialInstances_MR/MI_Opaque_Unlit.uasset" 669
"../../../Engine/Plugins/Interchange/Runtime/Content/gltf/MaterialInstances_MR/MI_Opaque_Unlit.uexp" 670
"../../../Engine/Plugins/Interchange/Runtime/Content/gltf/MaterialInstances_MR/MI_Opaque_TS.uasset" 671
"../../../Engine/Plugins/Interchange/Runtime/Content/gltf/MaterialInstances_MR/MI_Opaque_TS.uexp" 672
"../../../Engine/Plugins/Interchange/Runtime/Content/gltf/MaterialFunctions/MF_Sheen.uasset" 673
"../../../Engine/Plugins/Interchange/Runtime/Content/gltf/MaterialFunctions/MF_Sheen.uexp" 674
"../../../Engine/Content/Functions/Engine_MaterialFunctions01/Shading/FuzzyShading.uasset" 675
"../../../Engine/Content/Functions/Engine_MaterialFunctions01/Shading/FuzzyShading.uexp" 676
"../../../Engine/Plugins/Interchange/Runtime/Content/gltf/M_Sheen.uasset" 677
"../../../Engine/Plugins/Interchange/Runtime/Content/gltf/M_Sheen.uexp" 678
"../../../Engine/Plugins/Interchange/Runtime/Content/gltf/MaterialInstances_MR/MI_Opaque_Sheen_TS.uasset" 679
"../../../Engine/Plugins/Interchange/Runtime/Content/gltf/MaterialInstances_MR/MI_Opaque_Sheen_TS.uexp" 680
"../../../Engine/Plugins/Interchange/Runtime/Content/gltf/MaterialInstances_MR/MI_Opaque_Sheen.uasset" 681
"../../../Engine/Plugins/Interchange/Runtime/Content/gltf/MaterialInstances_MR/MI_Opaque_Sheen.uexp" 682
"../../../Engine/Plugins/Interchange/Runtime/Content/gltf/MaterialInstances_MR/MI_Opaque_ClearCoat_TS.uasset" 683
"../../../Engine/Plugins/Interchange/Runtime/Content/gltf/MaterialInstances_MR/MI_Opaque_ClearCoat_TS.uexp" 684
"../../../Engine/Plugins/Interchange/Runtime/Content/gltf/MaterialInstances_MR/MI_Opaque_ClearCoat.uasset" 685
"../../../Engine/Plugins/Interchange/Runtime/Content/gltf/MaterialInstances_MR/MI_Opaque_ClearCoat.uexp" 686
"../../../Engine/Plugins/Interchange/Runtime/Content/gltf/MaterialInstances_MR/MI_Opaque.uasset" 687
"../../../Engine/Plugins/Interchange/Runtime/Content/gltf/MaterialInstances_MR/MI_Opaque.uexp" 688
"../../../Engine/Plugins/Interchange/Runtime/Content/gltf/MaterialInstances_SG/MI_Transmission_TS.uasset" 689
"../../../Engine/Plugins/Interchange/Runtime/Content/gltf/MaterialInstances_SG/MI_Transmission_TS.uexp" 690
"../../../Engine/Plugins/Interchange/Runtime/Content/gltf/MaterialInstances_SG/MI_Transmission.uasset" 691
"../../../Engine/Plugins/Interchange/Runtime/Content/gltf/MaterialInstances_SG/MI_Transmission.uexp" 692
"../../../Engine/Plugins/Interchange/Runtime/Content/gltf/MaterialInstances_SG/MI_Translucent_TS.uasset" 693
"../../../Engine/Plugins/Interchange/Runtime/Content/gltf/MaterialInstances_SG/MI_Translucent_TS.uexp" 694
"../../../Engine/Plugins/Interchange/Runtime/Content/gltf/MaterialInstances_SG/MI_Translucent_ClearCoat_TS.uasset" 695
"../../../Engine/Plugins/Interchange/Runtime/Content/gltf/MaterialInstances_SG/MI_Translucent_ClearCoat_TS.uexp" 696
"../../../Engine/Plugins/Interchange/Runtime/Content/gltf/MaterialInstances_SG/MI_Translucent_ClearCoat.uasset" 697
"../../../Engine/Plugins/Interchange/Runtime/Content/gltf/MaterialInstances_SG/MI_Translucent_ClearCoat.uexp" 698
"../../../Engine/Plugins/Interchange/Runtime/Content/gltf/MaterialInstances_SG/MI_Translucent.uasset" 699
"../../../Engine/Plugins/Interchange/Runtime/Content/gltf/MaterialInstances_SG/MI_Translucent.uexp" 700
"../../../Engine/Plugins/Interchange/Runtime/Content/gltf/MaterialInstances_SG/MI_Opaque_TS.uasset" 701
"../../../Engine/Plugins/Interchange/Runtime/Content/gltf/MaterialInstances_SG/MI_Opaque_TS.uexp" 702
"../../../Engine/Plugins/Interchange/Runtime/Content/gltf/MaterialInstances_SG/MI_Opaque_Sheen_TS.uasset" 703
"../../../Engine/Plugins/Interchange/Runtime/Content/gltf/MaterialInstances_SG/MI_Opaque_Sheen_TS.uexp" 704
"../../../Engine/Plugins/Interchange/Runtime/Content/gltf/MaterialInstances_SG/MI_Opaque_Sheen.uasset" 705
"../../../Engine/Plugins/Interchange/Runtime/Content/gltf/MaterialInstances_SG/MI_Opaque_Sheen.uexp" 706
"../../../Engine/Plugins/Interchange/Runtime/Content/gltf/MaterialInstances_SG/MI_Opaque_ClearCoat_TS.uasset" 707
"../../../Engine/Plugins/Interchange/Runtime/Content/gltf/MaterialInstances_SG/MI_Opaque_ClearCoat_TS.uexp" 708
"../../../Engine/Plugins/Interchange/Runtime/Content/gltf/MaterialInstances_SG/MI_Opaque_ClearCoat.uasset" 709
"../../../Engine/Plugins/Interchange/Runtime/Content/gltf/MaterialInstances_SG/MI_Opaque_ClearCoat.uexp" 710
"../../../Engine/Content/Maps/Templates/HLODs/HLODLayer_Instanced.uasset" 711
"../../../Engine/Content/Maps/Templates/HLODs/HLODLayer_Instanced.uexp" 712
"D:/CastleProject_UESensei_Youtube_Tutorial/CastleDemo_YT_Learn/Content/Characters/Mannequins/Meshes/SK_Mannequin.uasset" 713
"D:/CastleProject_UESensei_Youtube_Tutorial/CastleDemo_YT_Learn/Content/Characters/Mannequins/Meshes/SK_Mannequin.uexp" 714
"D:/CastleProject_UESensei_Youtube_Tutorial/CastleDemo_YT_Learn/Content/Characters/Mannequins/Textures/Quinn/T_Quinn_02ID_MSR_MSK.ubulk" 715
"D:/CastleProject_UESensei_Youtube_Tutorial/CastleDemo_YT_Learn/Content/Characters/Mannequins/Textures/Quinn/T_Quinn_02ID_MSR_MSK.uasset" 716
"D:/CastleProject_UESensei_Youtube_Tutorial/CastleDemo_YT_Learn/Content/Characters/Mannequins/Textures/Quinn/T_Quinn_02ID_MSR_MSK.uexp" 717
"D:/CastleProject_UESensei_Youtube_Tutorial/CastleDemo_YT_Learn/Content/Characters/Mannequins/Textures/Quinn/T_Quinn_02ID_BN.ubulk" 718
"D:/CastleProject_UESensei_Youtube_Tutorial/CastleDemo_YT_Learn/Content/Characters/Mannequins/Textures/Quinn/T_Quinn_02ID_BN.uasset" 719
"D:/CastleProject_UESensei_Youtube_Tutorial/CastleDemo_YT_Learn/Content/Characters/Mannequins/Textures/Quinn/T_Quinn_02ID_BN.uexp" 720
"D:/CastleProject_UESensei_Youtube_Tutorial/CastleDemo_YT_Learn/Content/Characters/Mannequins/Textures/Quinn/T_Quinn_02_ASAOMASK_MSK.ubulk" 721
"D:/CastleProject_UESensei_Youtube_Tutorial/CastleDemo_YT_Learn/Content/Characters/Mannequins/Textures/Quinn/T_Quinn_02_ASAOMASK_MSK.uasset" 722
"D:/CastleProject_UESensei_Youtube_Tutorial/CastleDemo_YT_Learn/Content/Characters/Mannequins/Textures/Quinn/T_Quinn_02_ASAOMASK_MSK.uexp" 723
"D:/CastleProject_UESensei_Youtube_Tutorial/CastleDemo_YT_Learn/Content/Characters/Mannequins/Textures/Quinn/T_Quinn_02_CCRCCPlastic_MSK.ubulk" 724
"D:/CastleProject_UESensei_Youtube_Tutorial/CastleDemo_YT_Learn/Content/Characters/Mannequins/Textures/Quinn/T_Quinn_02_CCRCCPlastic_MSK.uasset" 725
"D:/CastleProject_UESensei_Youtube_Tutorial/CastleDemo_YT_Learn/Content/Characters/Mannequins/Textures/Quinn/T_Quinn_02_CCRCCPlastic_MSK.uexp" 726
"D:/CastleProject_UESensei_Youtube_Tutorial/CastleDemo_YT_Learn/Content/Characters/Mannequins/Textures/Quinn/T_Quinn_02ID_Tan.ubulk" 727
"D:/CastleProject_UESensei_Youtube_Tutorial/CastleDemo_YT_Learn/Content/Characters/Mannequins/Textures/Quinn/T_Quinn_02ID_Tan.uasset" 728
"D:/CastleProject_UESensei_Youtube_Tutorial/CastleDemo_YT_Learn/Content/Characters/Mannequins/Textures/Quinn/T_Quinn_02ID_Tan.uexp" 729
"D:/CastleProject_UESensei_Youtube_Tutorial/CastleDemo_YT_Learn/Content/Characters/Mannequins/Textures/Quinn/T_Quinn_02ID_D.ubulk" 730
"D:/CastleProject_UESensei_Youtube_Tutorial/CastleDemo_YT_Learn/Content/Characters/Mannequins/Textures/Quinn/T_Quinn_02ID_D.uasset" 731
"D:/CastleProject_UESensei_Youtube_Tutorial/CastleDemo_YT_Learn/Content/Characters/Mannequins/Textures/Quinn/T_Quinn_02ID_D.uexp" 732
"D:/CastleProject_UESensei_Youtube_Tutorial/CastleDemo_YT_Learn/Content/Characters/Mannequins/Textures/Quinn/T_Quinn_01ID_MSR_MSK.ubulk" 733
"D:/CastleProject_UESensei_Youtube_Tutorial/CastleDemo_YT_Learn/Content/Characters/Mannequins/Textures/Quinn/T_Quinn_01ID_MSR_MSK.uasset" 734
"D:/CastleProject_UESensei_Youtube_Tutorial/CastleDemo_YT_Learn/Content/Characters/Mannequins/Textures/Quinn/T_Quinn_01ID_MSR_MSK.uexp" 735
"D:/CastleProject_UESensei_Youtube_Tutorial/CastleDemo_YT_Learn/Content/Characters/Mannequins/Materials/Functions/ChromaticCurve.uasset" 736
"D:/CastleProject_UESensei_Youtube_Tutorial/CastleDemo_YT_Learn/Content/Characters/Mannequins/Materials/Functions/ChromaticCurve.uexp" 737
"D:/CastleProject_UESensei_Youtube_Tutorial/CastleDemo_YT_Learn/Content/Characters/Mannequins/Materials/Functions/CA_Mannequin.uasset" 738
"D:/CastleProject_UESensei_Youtube_Tutorial/CastleDemo_YT_Learn/Content/Characters/Mannequins/Materials/Functions/CA_Mannequin.uexp" 739
"D:/CastleProject_UESensei_Youtube_Tutorial/CastleDemo_YT_Learn/Content/Characters/Mannequins/Materials/Functions/MF_Diffraction.uasset" 740
"D:/CastleProject_UESensei_Youtube_Tutorial/CastleDemo_YT_Learn/Content/Characters/Mannequins/Materials/Functions/MF_Diffraction.uexp" 741
"D:/CastleProject_UESensei_Youtube_Tutorial/CastleDemo_YT_Learn/Content/Characters/Mannequins/Textures/Manny/T_Manny_01_N.ubulk" 742
"D:/CastleProject_UESensei_Youtube_Tutorial/CastleDemo_YT_Learn/Content/Characters/Mannequins/Textures/Manny/T_Manny_01_N.uasset" 743
"D:/CastleProject_UESensei_Youtube_Tutorial/CastleDemo_YT_Learn/Content/Characters/Mannequins/Textures/Manny/T_Manny_01_N.uexp" 744
"D:/CastleProject_UESensei_Youtube_Tutorial/CastleDemo_YT_Learn/Content/Characters/Mannequins/Materials/Functions/ML_BaseColorFallOff.uasset" 745
"D:/CastleProject_UESensei_Youtube_Tutorial/CastleDemo_YT_Learn/Content/Characters/Mannequins/Materials/Functions/ML_BaseColorFallOff.uexp" 746
"../../../Engine/Content/Functions/Engine_MaterialFunctions01/Texturing/ScaleUVsByCenter.uasset" 747
"../../../Engine/Content/Functions/Engine_MaterialFunctions01/Texturing/ScaleUVsByCenter.uexp" 748
"D:/CastleProject_UESensei_Youtube_Tutorial/CastleDemo_YT_Learn/Content/Characters/Mannequins/Textures/Shared/T_UE_Logo_M.uasset" 749
"D:/CastleProject_UESensei_Youtube_Tutorial/CastleDemo_YT_Learn/Content/Characters/Mannequins/Textures/Shared/T_UE_Logo_M.uexp" 750
"D:/CastleProject_UESensei_Youtube_Tutorial/CastleDemo_YT_Learn/Content/Characters/Mannequins/Materials/Functions/MF_logo3layers.uasset" 751
"D:/CastleProject_UESensei_Youtube_Tutorial/CastleDemo_YT_Learn/Content/Characters/Mannequins/Materials/Functions/MF_logo3layers.uexp" 752
"D:/CastleProject_UESensei_Youtube_Tutorial/CastleDemo_YT_Learn/Content/Characters/Mannequins/Textures/Manny/T_Manny_01_CCRCCPlastic_MSK.ubulk" 753
"D:/CastleProject_UESensei_Youtube_Tutorial/CastleDemo_YT_Learn/Content/Characters/Mannequins/Textures/Manny/T_Manny_01_CCRCCPlastic_MSK.uasset" 754
"D:/CastleProject_UESensei_Youtube_Tutorial/CastleDemo_YT_Learn/Content/Characters/Mannequins/Textures/Manny/T_Manny_01_CCRCCPlastic_MSK.uexp" 755
"D:/CastleProject_UESensei_Youtube_Tutorial/CastleDemo_YT_Learn/Content/Characters/Mannequins/Textures/Manny/T_Manny_01_ASAOPMASK_MSK.ubulk" 756
"D:/CastleProject_UESensei_Youtube_Tutorial/CastleDemo_YT_Learn/Content/Characters/Mannequins/Textures/Manny/T_Manny_01_ASAOPMASK_MSK.uasset" 757
"D:/CastleProject_UESensei_Youtube_Tutorial/CastleDemo_YT_Learn/Content/Characters/Mannequins/Textures/Manny/T_Manny_01_ASAOPMASK_MSK.uexp" 758
"D:/CastleProject_UESensei_Youtube_Tutorial/CastleDemo_YT_Learn/Content/Characters/Mannequins/Textures/Manny/T_Manny_01_MSR_MSK.ubulk" 759
"D:/CastleProject_UESensei_Youtube_Tutorial/CastleDemo_YT_Learn/Content/Characters/Mannequins/Textures/Manny/T_Manny_01_MSR_MSK.uasset" 760
"D:/CastleProject_UESensei_Youtube_Tutorial/CastleDemo_YT_Learn/Content/Characters/Mannequins/Textures/Manny/T_Manny_01_MSR_MSK.uexp" 761
"D:/CastleProject_UESensei_Youtube_Tutorial/CastleDemo_YT_Learn/Content/Characters/Mannequins/Textures/Manny/T_Manny_01_BN.ubulk" 762
"D:/CastleProject_UESensei_Youtube_Tutorial/CastleDemo_YT_Learn/Content/Characters/Mannequins/Textures/Manny/T_Manny_01_BN.uasset" 763
"D:/CastleProject_UESensei_Youtube_Tutorial/CastleDemo_YT_Learn/Content/Characters/Mannequins/Textures/Manny/T_Manny_01_BN.uexp" 764
"D:/CastleProject_UESensei_Youtube_Tutorial/CastleDemo_YT_Learn/Content/Characters/Mannequins/Textures/Manny/T_Manny_01_D.ubulk" 765
"D:/CastleProject_UESensei_Youtube_Tutorial/CastleDemo_YT_Learn/Content/Characters/Mannequins/Textures/Manny/T_Manny_01_D.uasset" 766
"D:/CastleProject_UESensei_Youtube_Tutorial/CastleDemo_YT_Learn/Content/Characters/Mannequins/Textures/Manny/T_Manny_01_D.uexp" 767
"D:/CastleProject_UESensei_Youtube_Tutorial/CastleDemo_YT_Learn/Content/Characters/Mannequins/Textures/Manny/T_Manny_01_Tan.ubulk" 768
"D:/CastleProject_UESensei_Youtube_Tutorial/CastleDemo_YT_Learn/Content/Characters/Mannequins/Textures/Manny/T_Manny_01_Tan.uasset" 769
"D:/CastleProject_UESensei_Youtube_Tutorial/CastleDemo_YT_Learn/Content/Characters/Mannequins/Textures/Manny/T_Manny_01_Tan.uexp" 770
"D:/CastleProject_UESensei_Youtube_Tutorial/CastleDemo_YT_Learn/Content/Characters/Mannequins/Materials/M_Mannequin.uasset" 771
"D:/CastleProject_UESensei_Youtube_Tutorial/CastleDemo_YT_Learn/Content/Characters/Mannequins/Materials/M_Mannequin.uexp" 772
"D:/CastleProject_UESensei_Youtube_Tutorial/CastleDemo_YT_Learn/Content/Characters/Mannequins/Textures/Quinn/T_Quinn_01_ASAOMASK_MSK.ubulk" 773
"D:/CastleProject_UESensei_Youtube_Tutorial/CastleDemo_YT_Learn/Content/Characters/Mannequins/Textures/Quinn/T_Quinn_01_ASAOMASK_MSK.uasset" 774
"D:/CastleProject_UESensei_Youtube_Tutorial/CastleDemo_YT_Learn/Content/Characters/Mannequins/Textures/Quinn/T_Quinn_01_ASAOMASK_MSK.uexp" 775
"D:/CastleProject_UESensei_Youtube_Tutorial/CastleDemo_YT_Learn/Content/Characters/Mannequins/Textures/Quinn/T_Quinn_01ID_N.ubulk" 776
"D:/CastleProject_UESensei_Youtube_Tutorial/CastleDemo_YT_Learn/Content/Characters/Mannequins/Textures/Quinn/T_Quinn_01ID_N.uasset" 777
"D:/CastleProject_UESensei_Youtube_Tutorial/CastleDemo_YT_Learn/Content/Characters/Mannequins/Textures/Quinn/T_Quinn_01ID_N.uexp" 778
"D:/CastleProject_UESensei_Youtube_Tutorial/CastleDemo_YT_Learn/Content/Characters/Mannequins/Textures/Quinn/T_Quinn_01ID_BN.ubulk" 779
"D:/CastleProject_UESensei_Youtube_Tutorial/CastleDemo_YT_Learn/Content/Characters/Mannequins/Textures/Quinn/T_Quinn_01ID_BN.uasset" 780
"D:/CastleProject_UESensei_Youtube_Tutorial/CastleDemo_YT_Learn/Content/Characters/Mannequins/Textures/Quinn/T_Quinn_01ID_BN.uexp" 781
"D:/CastleProject_UESensei_Youtube_Tutorial/CastleDemo_YT_Learn/Content/Characters/Mannequins/Textures/Quinn/T_Quinn_01ID_D.ubulk" 782
"D:/CastleProject_UESensei_Youtube_Tutorial/CastleDemo_YT_Learn/Content/Characters/Mannequins/Textures/Quinn/T_Quinn_01ID_D.uasset" 783
"D:/CastleProject_UESensei_Youtube_Tutorial/CastleDemo_YT_Learn/Content/Characters/Mannequins/Textures/Quinn/T_Quinn_01ID_D.uexp" 784
"D:/CastleProject_UESensei_Youtube_Tutorial/CastleDemo_YT_Learn/Content/Characters/Mannequins/Textures/Quinn/T_Quinn_01ID_Tan.ubulk" 785
"D:/CastleProject_UESensei_Youtube_Tutorial/CastleDemo_YT_Learn/Content/Characters/Mannequins/Textures/Quinn/T_Quinn_01ID_Tan.uasset" 786
"D:/CastleProject_UESensei_Youtube_Tutorial/CastleDemo_YT_Learn/Content/Characters/Mannequins/Textures/Quinn/T_Quinn_01ID_Tan.uexp" 787
"D:/CastleProject_UESensei_Youtube_Tutorial/CastleDemo_YT_Learn/Content/Characters/Mannequins/Textures/Quinn/T_Quinn_01_CCRCCPlastic_MSK.ubulk" 788
"D:/CastleProject_UESensei_Youtube_Tutorial/CastleDemo_YT_Learn/Content/Characters/Mannequins/Textures/Quinn/T_Quinn_01_CCRCCPlastic_MSK.uasset" 789
"D:/CastleProject_UESensei_Youtube_Tutorial/CastleDemo_YT_Learn/Content/Characters/Mannequins/Textures/Quinn/T_Quinn_01_CCRCCPlastic_MSK.uexp" 790
"D:/CastleProject_UESensei_Youtube_Tutorial/CastleDemo_YT_Learn/Content/Characters/Mannequins/Materials/Instances/Quinn/MI_Quinn_01.uasset" 791
"D:/CastleProject_UESensei_Youtube_Tutorial/CastleDemo_YT_Learn/Content/Characters/Mannequins/Materials/Instances/Quinn/MI_Quinn_01.uexp" 792
"D:/CastleProject_UESensei_Youtube_Tutorial/CastleDemo_YT_Learn/Content/Characters/Mannequins/Textures/Quinn/T_Quinn_02ID_N.ubulk" 793
"D:/CastleProject_UESensei_Youtube_Tutorial/CastleDemo_YT_Learn/Content/Characters/Mannequins/Textures/Quinn/T_Quinn_02ID_N.uasset" 794
"D:/CastleProject_UESensei_Youtube_Tutorial/CastleDemo_YT_Learn/Content/Characters/Mannequins/Textures/Quinn/T_Quinn_02ID_N.uexp" 795
"D:/CastleProject_UESensei_Youtube_Tutorial/CastleDemo_YT_Learn/Content/Characters/Mannequins/Materials/Instances/Quinn/MI_Quinn_02.uasset" 796
"D:/CastleProject_UESensei_Youtube_Tutorial/CastleDemo_YT_Learn/Content/Characters/Mannequins/Materials/Instances/Quinn/MI_Quinn_02.uexp" 797
"D:/CastleProject_UESensei_Youtube_Tutorial/CastleDemo_YT_Learn/Content/Characters/Mannequins/Rigs/PA_Mannequin.uasset" 798
"D:/CastleProject_UESensei_Youtube_Tutorial/CastleDemo_YT_Learn/Content/Characters/Mannequins/Rigs/PA_Mannequin.uexp" 799
"D:/CastleProject_UESensei_Youtube_Tutorial/CastleDemo_YT_Learn/Content/Characters/Mannequins/Meshes/SKM_Quinn_Simple.uasset" 800
"D:/CastleProject_UESensei_Youtube_Tutorial/CastleDemo_YT_Learn/Content/Characters/Mannequins/Meshes/SKM_Quinn_Simple.uexp" 801
"D:/CastleProject_UESensei_Youtube_Tutorial/CastleDemo_YT_Learn/Content/ThirdPerson/Input/Actions/IA_Jump.uasset" 802
"D:/CastleProject_UESensei_Youtube_Tutorial/CastleDemo_YT_Learn/Content/ThirdPerson/Input/Actions/IA_Jump.uexp" 803
"D:/CastleProject_UESensei_Youtube_Tutorial/CastleDemo_YT_Learn/Content/ThirdPerson/Input/Actions/IA_Look.uasset" 804
"D:/CastleProject_UESensei_Youtube_Tutorial/CastleDemo_YT_Learn/Content/ThirdPerson/Input/Actions/IA_Look.uexp" 805
"D:/CastleProject_UESensei_Youtube_Tutorial/CastleDemo_YT_Learn/Content/ThirdPerson/Input/Actions/IA_Move.uasset" 806
"D:/CastleProject_UESensei_Youtube_Tutorial/CastleDemo_YT_Learn/Content/ThirdPerson/Input/Actions/IA_Move.uexp" 807
"D:/CastleProject_UESensei_Youtube_Tutorial/CastleDemo_YT_Learn/Content/ThirdPerson/Input/IMC_Default.uasset" 808
"D:/CastleProject_UESensei_Youtube_Tutorial/CastleDemo_YT_Learn/Content/ThirdPerson/Input/IMC_Default.uexp" 809
"../../../Engine/Content/Animation/DefaultAnimCurveCompressionSettings.uasset" 810
"../../../Engine/Content/Animation/DefaultAnimCurveCompressionSettings.uexp" 811
"../../../Engine/Content/Animation/DefaultAnimBoneCompressionSettings.uasset" 812
"../../../Engine/Content/Animation/DefaultAnimBoneCompressionSettings.uexp" 813
"D:/CastleProject_UESensei_Youtube_Tutorial/CastleDemo_YT_Learn/Content/Characters/Mannequins/Animations/Quinn/MF_Run_Fwd.uasset" 814
"D:/CastleProject_UESensei_Youtube_Tutorial/CastleDemo_YT_Learn/Content/Characters/Mannequins/Animations/Quinn/MF_Run_Fwd.uexp" 815
"D:/CastleProject_UESensei_Youtube_Tutorial/CastleDemo_YT_Learn/Content/Characters/Mannequins/Animations/Quinn/MF_Walk_Fwd.uasset" 816
"D:/CastleProject_UESensei_Youtube_Tutorial/CastleDemo_YT_Learn/Content/Characters/Mannequins/Animations/Quinn/MF_Walk_Fwd.uexp" 817
"../../../Engine/Content/Animation/DefaultRecorderBoneCompression.uasset" 818
"../../../Engine/Content/Animation/DefaultRecorderBoneCompression.uexp" 819
"D:/CastleProject_UESensei_Youtube_Tutorial/CastleDemo_YT_Learn/Content/Characters/Mannequins/Animations/Manny/MM_Walk_InPlace.uasset" 820
"D:/CastleProject_UESensei_Youtube_Tutorial/CastleDemo_YT_Learn/Content/Characters/Mannequins/Animations/Manny/MM_Walk_InPlace.uexp" 821
"D:/CastleProject_UESensei_Youtube_Tutorial/CastleDemo_YT_Learn/Content/Characters/Mannequins/Animations/Quinn/BS_MF_Unarmed_WalkRun.uasset" 822
"D:/CastleProject_UESensei_Youtube_Tutorial/CastleDemo_YT_Learn/Content/Characters/Mannequins/Animations/Quinn/BS_MF_Unarmed_WalkRun.uexp" 823
"D:/CastleProject_UESensei_Youtube_Tutorial/CastleDemo_YT_Learn/Content/Characters/Mannequins/Animations/Quinn/MF_Idle.uasset" 824
"D:/CastleProject_UESensei_Youtube_Tutorial/CastleDemo_YT_Learn/Content/Characters/Mannequins/Animations/Quinn/MF_Idle.uexp" 825
"D:/CastleProject_UESensei_Youtube_Tutorial/CastleDemo_YT_Learn/Content/Characters/Mannequins/Animations/Manny/MM_Fall_Loop.uasset" 826
"D:/CastleProject_UESensei_Youtube_Tutorial/CastleDemo_YT_Learn/Content/Characters/Mannequins/Animations/Manny/MM_Fall_Loop.uexp" 827
"D:/CastleProject_UESensei_Youtube_Tutorial/CastleDemo_YT_Learn/Content/Characters/Mannequins/Animations/Manny/MM_Jump.uasset" 828
"D:/CastleProject_UESensei_Youtube_Tutorial/CastleDemo_YT_Learn/Content/Characters/Mannequins/Animations/Manny/MM_Jump.uexp" 829
"../../../Engine/Plugins/Animation/ControlRig/Content/Controls/DefaultGizmoLibrary.uasset" 830
"../../../Engine/Plugins/Animation/ControlRig/Content/Controls/DefaultGizmoLibrary.uexp" 831
"D:/CastleProject_UESensei_Youtube_Tutorial/CastleDemo_YT_Learn/Content/Characters/Mannequins/Rigs/CR_Mannequin_BasicFootIK.uasset" 832
"D:/CastleProject_UESensei_Youtube_Tutorial/CastleDemo_YT_Learn/Content/Characters/Mannequins/Rigs/CR_Mannequin_BasicFootIK.uexp" 833
"D:/CastleProject_UESensei_Youtube_Tutorial/CastleDemo_YT_Learn/Content/Characters/Mannequins/Animations/Manny/MM_Run_Fwd.uasset" 834
"D:/CastleProject_UESensei_Youtube_Tutorial/CastleDemo_YT_Learn/Content/Characters/Mannequins/Animations/Manny/MM_Run_Fwd.uexp" 835
"D:/CastleProject_UESensei_Youtube_Tutorial/CastleDemo_YT_Learn/Content/Characters/Mannequins/Animations/Manny/MM_Walk_Fwd.uasset" 836
"D:/CastleProject_UESensei_Youtube_Tutorial/CastleDemo_YT_Learn/Content/Characters/Mannequins/Animations/Manny/MM_Walk_Fwd.uexp" 837
"D:/CastleProject_UESensei_Youtube_Tutorial/CastleDemo_YT_Learn/Content/Characters/Mannequins/Animations/Manny/BS_MM_WalkRun.uasset" 838
"D:/CastleProject_UESensei_Youtube_Tutorial/CastleDemo_YT_Learn/Content/Characters/Mannequins/Animations/Manny/BS_MM_WalkRun.uexp" 839
"D:/CastleProject_UESensei_Youtube_Tutorial/CastleDemo_YT_Learn/Content/Characters/Mannequins/Animations/Manny/MM_Land.uasset" 840
"D:/CastleProject_UESensei_Youtube_Tutorial/CastleDemo_YT_Learn/Content/Characters/Mannequins/Animations/Manny/MM_Land.uexp" 841
"D:/CastleProject_UESensei_Youtube_Tutorial/CastleDemo_YT_Learn/Content/Characters/Mannequins/Animations/Manny/MM_Idle.uasset" 842
"D:/CastleProject_UESensei_Youtube_Tutorial/CastleDemo_YT_Learn/Content/Characters/Mannequins/Animations/Manny/MM_Idle.uexp" 843
"D:/CastleProject_UESensei_Youtube_Tutorial/CastleDemo_YT_Learn/Content/Characters/Mannequins/Animations/ABP_Manny.uasset" 844
"D:/CastleProject_UESensei_Youtube_Tutorial/CastleDemo_YT_Learn/Content/Characters/Mannequins/Animations/ABP_Manny.uexp" 845
"D:/CastleProject_UESensei_Youtube_Tutorial/CastleDemo_YT_Learn/Content/Characters/Mannequins/Animations/ABP_Quinn.uasset" 846
"D:/CastleProject_UESensei_Youtube_Tutorial/CastleDemo_YT_Learn/Content/Characters/Mannequins/Animations/ABP_Quinn.uexp" 847
"../../../Engine/Content/EditorBlueprintResources/StandardMacros.uasset" 848
"../../../Engine/Content/EditorBlueprintResources/StandardMacros.uexp" 849
"D:/CastleProject_UESensei_Youtube_Tutorial/CastleDemo_YT_Learn/Content/ThirdPerson/Blueprints/BP_ThirdPersonCharacter.uasset" 850
"D:/CastleProject_UESensei_Youtube_Tutorial/CastleDemo_YT_Learn/Content/ThirdPerson/Blueprints/BP_ThirdPersonCharacter.uexp" 851
"D:/CastleProject_UESensei_Youtube_Tutorial/CastleDemo_YT_Learn/Content/ThirdPerson/Blueprints/BP_ThirdPersonGameMode.uasset" 852
"D:/CastleProject_UESensei_Youtube_Tutorial/CastleDemo_YT_Learn/Content/ThirdPerson/Blueprints/BP_ThirdPersonGameMode.uexp" 853
"D:/CastleProject_UESensei_Youtube_Tutorial/CastleDemo_YT_Learn/Content/ThirdPerson/Maps/ThirdPersonMap.uexp" 854
"D:/CastleProject_UESensei_Youtube_Tutorial/CastleDemo_YT_Learn/Content/ThirdPerson/Maps/ThirdPersonMap.umap" 855
"../../../Engine/Content/Maps/Entry_BuiltData.uasset" 856
"../../../Engine/Content/Maps/Entry_BuiltData.uexp" 857
"../../../Engine/Content/Maps/Entry.uexp" 858
"../../../Engine/Content/Maps/Entry.umap" 859
